Starting new HTTP connection (1): api.lemonban.com:80
http://api.lemonban.com:80 "POST /futureloan/member/login HTTP/1.1" 200 None
Starting new HTTP connection (1): api.lemonban.com:80
http://api.lemonban.com:80 "POST /futureloan/member/recharge HTTP/1.1" 200 None
充值成功用例执行通过
Starting new HTTP connection (1): api.lemonban.com:80
http://api.lemonban.com:80 "POST /futureloan/member/recharge HTTP/1.1" 200 None
充值0.01成功用例执行通过
Starting new HTTP connection (1): api.lemonban.com:80
http://api.lemonban.com:80 "POST /futureloan/member/recharge HTTP/1.1" 200 None
充值500000成功用例执行通过
Starting new HTTP connection (1): api.lemonban.com:80
http://api.lemonban.com:80 "POST /futureloan/member/recharge HTTP/1.1" 200 None
充值0失败用例执行失败
Starting new HTTP connection (1): api.lemonban.com:80
http://api.lemonban.com:80 "POST /futureloan/member/recharge HTTP/1.1" 200 None
用户id为空用例执行失败
Starting new HTTP connection (1): api.lemonban.com:80
http://api.lemonban.com:80 "POST /futureloan/member/recharge HTTP/1.1" 200 None
充值金额为空用例执行失败
Starting new HTTP connection (1): api.lemonban.com:80
http://api.lemonban.com:80 "POST /futureloan/member/recharge HTTP/1.1" 200 None
用户id不存在用例执行通过
Starting new HTTP connection (1): api.lemonban.com:80
http://api.lemonban.com:80 "POST /futureloan/member/recharge HTTP/1.1" 200 None
充值金额为负值用例执行失败
Starting new HTTP connection (1): api.lemonban.com:80
http://api.lemonban.com:80 "POST /futureloan/member/recharge HTTP/1.1" 200 None
充值金额超出范围用例执行失败
Starting new HTTP connection (1): api.lemonban.com:80
http://api.lemonban.com:80 "POST /futureloan/member/recharge HTTP/1.1" 200 None
充值金额3位小数用例执行失败
Starting new HTTP connection (1): api.lemonban.com:80
http://api.lemonban.com:80 "POST /futureloan/member/recharge HTTP/1.1" 200 None
充值金额为字符串格式用例执行失败
Starting new HTTP connection (1): api.lemonban.com:80
http://api.lemonban.com:80 "POST /futureloan/member/recharge HTTP/1.1" 200 None
用户名字字符串格式用例执行失败
Starting new HTTP connection (1): api.lemonban.com:80
Starting new HTTP connection (1): api.lemonban.com:80
Starting new HTTP connection (1): api.lemonban.com:80
http://api.lemonban.com:80 "POST /futureloan/member/login HTTP/1.1" 200 None
http://api.lemonban.com:80 "POST /futureloan/member/login HTTP/1.1" 200 None
http://api.lemonban.com:80 "POST /futureloan/member/login HTTP/1.1" 200 None
登录成功用例执行通过
登录成功用例执行通过
登录成功用例执行通过
Starting new HTTP connection (1): api.lemonban.com:80
Starting new HTTP connection (1): api.lemonban.com:80
Starting new HTTP connection (1): api.lemonban.com:80
http://api.lemonban.com:80 "POST /futureloan/member/login HTTP/1.1" 200 None
http://api.lemonban.com:80 "POST /futureloan/member/login HTTP/1.1" 200 None
http://api.lemonban.com:80 "POST /futureloan/member/login HTTP/1.1" 200 None
密码错误用例执行通过
密码错误用例执行通过
密码错误用例执行通过
Starting new HTTP connection (1): api.lemonban.com:80
Starting new HTTP connection (1): api.lemonban.com:80
Starting new HTTP connection (1): api.lemonban.com:80
http://api.lemonban.com:80 "POST /futureloan/member/login HTTP/1.1" 200 None
http://api.lemonban.com:80 "POST /futureloan/member/login HTTP/1.1" 200 None
http://api.lemonban.com:80 "POST /futureloan/member/login HTTP/1.1" 200 None
账号错误用例执行失败
账号错误用例执行失败
账号错误用例执行失败
Starting new HTTP connection (1): api.lemonban.com:80
Starting new HTTP connection (1): api.lemonban.com:80
Starting new HTTP connection (1): api.lemonban.com:80
http://api.lemonban.com:80 "POST /futureloan/member/login HTTP/1.1" 200 None
http://api.lemonban.com:80 "POST /futureloan/member/login HTTP/1.1" 200 None
http://api.lemonban.com:80 "POST /futureloan/member/login HTTP/1.1" 200 None
账号为空用例执行通过
账号为空用例执行通过
账号为空用例执行通过
Starting new HTTP connection (1): api.lemonban.com:80
Starting new HTTP connection (1): api.lemonban.com:80
Starting new HTTP connection (1): api.lemonban.com:80
http://api.lemonban.com:80 "POST /futureloan/member/login HTTP/1.1" 200 None
http://api.lemonban.com:80 "POST /futureloan/member/login HTTP/1.1" 200 None
http://api.lemonban.com:80 "POST /futureloan/member/login HTTP/1.1" 200 None
密码为空用例执行通过
密码为空用例执行通过
密码为空用例执行通过
Starting new HTTP connection (1): api.lemonban.com:80
Starting new HTTP connection (1): api.lemonban.com:80
Starting new HTTP connection (1): api.lemonban.com:80
http://api.lemonban.com:80 "POST /futureloan/member/register HTTP/1.1" 200 None
http://api.lemonban.com:80 "POST /futureloan/member/register HTTP/1.1" 200 None
http://api.lemonban.com:80 "POST /futureloan/member/register HTTP/1.1" 200 None
正常注册(类型为空、注册名正常)用例不通过
正常注册(类型为空、注册名正常)用例不通过
正常注册(类型为空、注册名正常)用例不通过
Starting new HTTP connection (1): api.lemonban.com:80
Starting new HTTP connection (1): api.lemonban.com:80
Starting new HTTP connection (1): api.lemonban.com:80
http://api.lemonban.com:80 "POST /futureloan/member/register HTTP/1.1" 200 None
http://api.lemonban.com:80 "POST /futureloan/member/register HTTP/1.1" 200 None
http://api.lemonban.com:80 "POST /futureloan/member/register HTTP/1.1" 200 None
注册失败(手机号已被注册)用例不通过
注册失败(手机号已被注册)用例不通过
注册失败(手机号已被注册)用例不通过
Starting new HTTP connection (1): api.lemonban.com:80
Starting new HTTP connection (1): api.lemonban.com:80
Starting new HTTP connection (1): api.lemonban.com:80
http://api.lemonban.com:80 "POST /futureloan/member/register HTTP/1.1" 200 None
http://api.lemonban.com:80 "POST /futureloan/member/register HTTP/1.1" 200 None
http://api.lemonban.com:80 "POST /futureloan/member/register HTTP/1.1" 200 None
注册失败(手机号过长)用例通过
注册失败(手机号过长)用例通过
注册失败(手机号过长)用例通过
Starting new HTTP connection (1): api.lemonban.com:80
Starting new HTTP connection (1): api.lemonban.com:80
Starting new HTTP connection (1): api.lemonban.com:80
http://api.lemonban.com:80 "POST /futureloan/member/register HTTP/1.1" 200 None
http://api.lemonban.com:80 "POST /futureloan/member/register HTTP/1.1" 200 None
http://api.lemonban.com:80 "POST /futureloan/member/register HTTP/1.1" 200 None
注册失败(手机号过短)用例通过
注册失败(手机号过短)用例通过
注册失败(手机号过短)用例通过
Starting new HTTP connection (1): api.lemonban.com:80
Starting new HTTP connection (1): api.lemonban.com:80
Starting new HTTP connection (1): api.lemonban.com:80
http://api.lemonban.com:80 "POST /futureloan/member/register HTTP/1.1" 200 None
http://api.lemonban.com:80 "POST /futureloan/member/register HTTP/1.1" 200 None
http://api.lemonban.com:80 "POST /futureloan/member/register HTTP/1.1" 200 None
注册失败(手机号包含特殊字符)用例通过
注册失败(手机号包含特殊字符)用例通过
注册失败(手机号包含特殊字符)用例通过
Starting new HTTP connection (1): api.lemonban.com:80
Starting new HTTP connection (1): api.lemonban.com:80
Starting new HTTP connection (1): api.lemonban.com:80
http://api.lemonban.com:80 "POST /futureloan/member/register HTTP/1.1" 200 None
http://api.lemonban.com:80 "POST /futureloan/member/register HTTP/1.1" 200 None
http://api.lemonban.com:80 "POST /futureloan/member/register HTTP/1.1" 200 None
注册失败(手机号为空)用例通过
注册失败(手机号为空)用例通过
注册失败(手机号为空)用例通过
Starting new HTTP connection (1): api.lemonban.com:80
Starting new HTTP connection (1): api.lemonban.com:80
Starting new HTTP connection (1): api.lemonban.com:80
http://api.lemonban.com:80 "POST /futureloan/member/register HTTP/1.1" 200 None
http://api.lemonban.com:80 "POST /futureloan/member/register HTTP/1.1" 200 None
http://api.lemonban.com:80 "POST /futureloan/member/register HTTP/1.1" 200 None
注册失败(密码为空)用例通过
注册失败(密码为空)用例通过
注册失败(密码为空)用例通过
Starting new HTTP connection (1): api.lemonban.com:80
Starting new HTTP connection (1): api.lemonban.com:80
Starting new HTTP connection (1): api.lemonban.com:80
http://api.lemonban.com:80 "POST /futureloan/member/register HTTP/1.1" 200 None
http://api.lemonban.com:80 "POST /futureloan/member/register HTTP/1.1" 200 None
http://api.lemonban.com:80 "POST /futureloan/member/register HTTP/1.1" 200 None
注册失败(类型超出范围)用例通过
注册失败(类型超出范围)用例通过
注册失败(类型超出范围)用例通过
Starting new HTTP connection (1): api.lemonban.com:80
Starting new HTTP connection (1): api.lemonban.com:80
Starting new HTTP connection (1): api.lemonban.com:80
http://api.lemonban.com:80 "POST /futureloan/member/register HTTP/1.1" 200 None
http://api.lemonban.com:80 "POST /futureloan/member/register HTTP/1.1" 200 None
http://api.lemonban.com:80 "POST /futureloan/member/register HTTP/1.1" 200 None
注册失败(密码过长)用例通过
注册失败(密码过长)用例通过
注册失败(密码过长)用例通过
Starting new HTTP connection (1): api.lemonban.com:80
Starting new HTTP connection (1): api.lemonban.com:80
Starting new HTTP connection (1): api.lemonban.com:80
http://api.lemonban.com:80 "POST /futureloan/member/register HTTP/1.1" 200 None
http://api.lemonban.com:80 "POST /futureloan/member/register HTTP/1.1" 200 None
http://api.lemonban.com:80 "POST /futureloan/member/register HTTP/1.1" 200 None
注册失败(密码过短)用例通过
注册失败(密码过短)用例通过
注册失败(密码过短)用例通过
Starting new HTTP connection (1): api.lemonban.com:80
Starting new HTTP connection (1): api.lemonban.com:80
Starting new HTTP connection (1): api.lemonban.com:80
http://api.lemonban.com:80 "POST /futureloan/member/login HTTP/1.1" 200 None
http://api.lemonban.com:80 "POST /futureloan/member/login HTTP/1.1" 200 None
http://api.lemonban.com:80 "POST /futureloan/member/login HTTP/1.1" 200 None
Starting new HTTP connection (1): api.lemonban.com:80
Starting new HTTP connection (1): api.lemonban.com:80
Starting new HTTP connection (1): api.lemonban.com:80
http://api.lemonban.com:80 "POST /futureloan/member/recharge HTTP/1.1" 200 None
http://api.lemonban.com:80 "POST /futureloan/member/recharge HTTP/1.1" 200 None
http://api.lemonban.com:80 "POST /futureloan/member/recharge HTTP/1.1" 200 None
充值成功用例执行通过
充值成功用例执行通过
充值成功用例执行通过
Starting new HTTP connection (1): api.lemonban.com:80
Starting new HTTP connection (1): api.lemonban.com:80
Starting new HTTP connection (1): api.lemonban.com:80
http://api.lemonban.com:80 "POST /futureloan/member/recharge HTTP/1.1" 200 None
http://api.lemonban.com:80 "POST /futureloan/member/recharge HTTP/1.1" 200 None
http://api.lemonban.com:80 "POST /futureloan/member/recharge HTTP/1.1" 200 None
充值0.01成功用例执行通过
充值0.01成功用例执行通过
充值0.01成功用例执行通过
Starting new HTTP connection (1): api.lemonban.com:80
Starting new HTTP connection (1): api.lemonban.com:80
Starting new HTTP connection (1): api.lemonban.com:80
http://api.lemonban.com:80 "POST /futureloan/member/recharge HTTP/1.1" 200 None
http://api.lemonban.com:80 "POST /futureloan/member/recharge HTTP/1.1" 200 None
http://api.lemonban.com:80 "POST /futureloan/member/recharge HTTP/1.1" 200 None
充值500000成功用例执行通过
充值500000成功用例执行通过
充值500000成功用例执行通过
Starting new HTTP connection (1): api.lemonban.com:80
Starting new HTTP connection (1): api.lemonban.com:80
Starting new HTTP connection (1): api.lemonban.com:80
http://api.lemonban.com:80 "POST /futureloan/member/recharge HTTP/1.1" 200 None
http://api.lemonban.com:80 "POST /futureloan/member/recharge HTTP/1.1" 200 None
http://api.lemonban.com:80 "POST /futureloan/member/recharge HTTP/1.1" 200 None
充值0失败用例执行失败
充值0失败用例执行失败
充值0失败用例执行失败
Starting new HTTP connection (1): api.lemonban.com:80
Starting new HTTP connection (1): api.lemonban.com:80
Starting new HTTP connection (1): api.lemonban.com:80
http://api.lemonban.com:80 "POST /futureloan/member/recharge HTTP/1.1" 200 None
http://api.lemonban.com:80 "POST /futureloan/member/recharge HTTP/1.1" 200 None
http://api.lemonban.com:80 "POST /futureloan/member/recharge HTTP/1.1" 200 None
用户id为空用例执行失败
用户id为空用例执行失败
用户id为空用例执行失败
Starting new HTTP connection (1): api.lemonban.com:80
Starting new HTTP connection (1): api.lemonban.com:80
Starting new HTTP connection (1): api.lemonban.com:80
http://api.lemonban.com:80 "POST /futureloan/member/recharge HTTP/1.1" 200 None
http://api.lemonban.com:80 "POST /futureloan/member/recharge HTTP/1.1" 200 None
http://api.lemonban.com:80 "POST /futureloan/member/recharge HTTP/1.1" 200 None
充值金额为空用例执行失败
充值金额为空用例执行失败
充值金额为空用例执行失败
Starting new HTTP connection (1): api.lemonban.com:80
Starting new HTTP connection (1): api.lemonban.com:80
Starting new HTTP connection (1): api.lemonban.com:80
http://api.lemonban.com:80 "POST /futureloan/member/recharge HTTP/1.1" 200 None
http://api.lemonban.com:80 "POST /futureloan/member/recharge HTTP/1.1" 200 None
http://api.lemonban.com:80 "POST /futureloan/member/recharge HTTP/1.1" 200 None
用户id不存在用例执行通过
用户id不存在用例执行通过
用户id不存在用例执行通过
Starting new HTTP connection (1): api.lemonban.com:80
Starting new HTTP connection (1): api.lemonban.com:80
Starting new HTTP connection (1): api.lemonban.com:80
http://api.lemonban.com:80 "POST /futureloan/member/recharge HTTP/1.1" 200 None
http://api.lemonban.com:80 "POST /futureloan/member/recharge HTTP/1.1" 200 None
http://api.lemonban.com:80 "POST /futureloan/member/recharge HTTP/1.1" 200 None
充值金额为负值用例执行失败
充值金额为负值用例执行失败
充值金额为负值用例执行失败
Starting new HTTP connection (1): api.lemonban.com:80
Starting new HTTP connection (1): api.lemonban.com:80
Starting new HTTP connection (1): api.lemonban.com:80
http://api.lemonban.com:80 "POST /futureloan/member/recharge HTTP/1.1" 200 None
http://api.lemonban.com:80 "POST /futureloan/member/recharge HTTP/1.1" 200 None
http://api.lemonban.com:80 "POST /futureloan/member/recharge HTTP/1.1" 200 None
充值金额超出范围用例执行失败
充值金额超出范围用例执行失败
充值金额超出范围用例执行失败
Starting new HTTP connection (1): api.lemonban.com:80
Starting new HTTP connection (1): api.lemonban.com:80
Starting new HTTP connection (1): api.lemonban.com:80
http://api.lemonban.com:80 "POST /futureloan/member/recharge HTTP/1.1" 200 None
http://api.lemonban.com:80 "POST /futureloan/member/recharge HTTP/1.1" 200 None
http://api.lemonban.com:80 "POST /futureloan/member/recharge HTTP/1.1" 200 None
充值金额3位小数用例执行失败
充值金额3位小数用例执行失败
充值金额3位小数用例执行失败
Starting new HTTP connection (1): api.lemonban.com:80
Starting new HTTP connection (1): api.lemonban.com:80
Starting new HTTP connection (1): api.lemonban.com:80
http://api.lemonban.com:80 "POST /futureloan/member/recharge HTTP/1.1" 200 None
http://api.lemonban.com:80 "POST /futureloan/member/recharge HTTP/1.1" 200 None
http://api.lemonban.com:80 "POST /futureloan/member/recharge HTTP/1.1" 200 None
充值金额为字符串格式用例执行失败
充值金额为字符串格式用例执行失败
充值金额为字符串格式用例执行失败
Starting new HTTP connection (1): api.lemonban.com:80
Starting new HTTP connection (1): api.lemonban.com:80
Starting new HTTP connection (1): api.lemonban.com:80
http://api.lemonban.com:80 "POST /futureloan/member/recharge HTTP/1.1" 200 None
http://api.lemonban.com:80 "POST /futureloan/member/recharge HTTP/1.1" 200 None
http://api.lemonban.com:80 "POST /futureloan/member/recharge HTTP/1.1" 200 None
用户名字字符串格式用例执行失败
用户名字字符串格式用例执行失败
用户名字字符串格式用例执行失败
Starting new HTTP connection (1): api.lemonban.com:80
Starting new HTTP connection (1): api.lemonban.com:80
Starting new HTTP connection (1): api.lemonban.com:80
http://api.lemonban.com:80 "POST /futureloan/member/login HTTP/1.1" 200 None
http://api.lemonban.com:80 "POST /futureloan/member/login HTTP/1.1" 200 None
http://api.lemonban.com:80 "POST /futureloan/member/login HTTP/1.1" 200 None
登录成功用例执行通过
登录成功用例执行通过
登录成功用例执行通过
Starting new HTTP connection (1): api.lemonban.com:80
Starting new HTTP connection (1): api.lemonban.com:80
Starting new HTTP connection (1): api.lemonban.com:80
http://api.lemonban.com:80 "POST /futureloan/member/login HTTP/1.1" 200 None
http://api.lemonban.com:80 "POST /futureloan/member/login HTTP/1.1" 200 None
http://api.lemonban.com:80 "POST /futureloan/member/login HTTP/1.1" 200 None
密码错误用例执行通过
密码错误用例执行通过
密码错误用例执行通过
Starting new HTTP connection (1): api.lemonban.com:80
Starting new HTTP connection (1): api.lemonban.com:80
Starting new HTTP connection (1): api.lemonban.com:80
http://api.lemonban.com:80 "POST /futureloan/member/login HTTP/1.1" 200 None
http://api.lemonban.com:80 "POST /futureloan/member/login HTTP/1.1" 200 None
http://api.lemonban.com:80 "POST /futureloan/member/login HTTP/1.1" 200 None
账号错误用例执行失败
账号错误用例执行失败
账号错误用例执行失败
Starting new HTTP connection (1): api.lemonban.com:80
Starting new HTTP connection (1): api.lemonban.com:80
Starting new HTTP connection (1): api.lemonban.com:80
http://api.lemonban.com:80 "POST /futureloan/member/login HTTP/1.1" 200 None
http://api.lemonban.com:80 "POST /futureloan/member/login HTTP/1.1" 200 None
http://api.lemonban.com:80 "POST /futureloan/member/login HTTP/1.1" 200 None
账号为空用例执行通过
账号为空用例执行通过
账号为空用例执行通过
Starting new HTTP connection (1): api.lemonban.com:80
Starting new HTTP connection (1): api.lemonban.com:80
Starting new HTTP connection (1): api.lemonban.com:80
http://api.lemonban.com:80 "POST /futureloan/member/login HTTP/1.1" 200 None
http://api.lemonban.com:80 "POST /futureloan/member/login HTTP/1.1" 200 None
http://api.lemonban.com:80 "POST /futureloan/member/login HTTP/1.1" 200 None
密码为空用例执行通过
密码为空用例执行通过
密码为空用例执行通过
Starting new HTTP connection (1): api.lemonban.com:80
Starting new HTTP connection (1): api.lemonban.com:80
Starting new HTTP connection (1): api.lemonban.com:80
http://api.lemonban.com:80 "POST /futureloan/member/register HTTP/1.1" 200 None
http://api.lemonban.com:80 "POST /futureloan/member/register HTTP/1.1" 200 None
http://api.lemonban.com:80 "POST /futureloan/member/register HTTP/1.1" 200 None
正常注册(类型、注册名为空)用例通过
正常注册(类型、注册名为空)用例通过
正常注册(类型、注册名为空)用例通过
Starting new HTTP connection (1): api.lemonban.com:80
Starting new HTTP connection (1): api.lemonban.com:80
Starting new HTTP connection (1): api.lemonban.com:80
http://api.lemonban.com:80 "POST /futureloan/member/register HTTP/1.1" 200 None
http://api.lemonban.com:80 "POST /futureloan/member/register HTTP/1.1" 200 None
http://api.lemonban.com:80 "POST /futureloan/member/register HTTP/1.1" 200 None
正常注册(类型为0、注册名为空)用例通过
正常注册(类型为0、注册名为空)用例通过
正常注册(类型为0、注册名为空)用例通过
Starting new HTTP connection (1): api.lemonban.com:80
Starting new HTTP connection (1): api.lemonban.com:80
Starting new HTTP connection (1): api.lemonban.com:80
http://api.lemonban.com:80 "POST /futureloan/member/register HTTP/1.1" 200 None
http://api.lemonban.com:80 "POST /futureloan/member/register HTTP/1.1" 200 None
http://api.lemonban.com:80 "POST /futureloan/member/register HTTP/1.1" 200 None
正常注册(类型为空、注册名正常)用例不通过
正常注册(类型为空、注册名正常)用例不通过
正常注册(类型为空、注册名正常)用例不通过
Starting new HTTP connection (1): api.lemonban.com:80
Starting new HTTP connection (1): api.lemonban.com:80
Starting new HTTP connection (1): api.lemonban.com:80
http://api.lemonban.com:80 "POST /futureloan/member/register HTTP/1.1" 200 None
http://api.lemonban.com:80 "POST /futureloan/member/register HTTP/1.1" 200 None
http://api.lemonban.com:80 "POST /futureloan/member/register HTTP/1.1" 200 None
注册失败(类型格式异常、注册名为空)用例不通过
注册失败(类型格式异常、注册名为空)用例不通过
注册失败(类型格式异常、注册名为空)用例不通过
Starting new HTTP connection (1): api.lemonban.com:80
Starting new HTTP connection (1): api.lemonban.com:80
Starting new HTTP connection (1): api.lemonban.com:80
http://api.lemonban.com:80 "POST /futureloan/member/register HTTP/1.1" 200 None
http://api.lemonban.com:80 "POST /futureloan/member/register HTTP/1.1" 200 None
http://api.lemonban.com:80 "POST /futureloan/member/register HTTP/1.1" 200 None
注册失败(类型为空、注册名大于10位)用例通过
注册失败(类型为空、注册名大于10位)用例通过
注册失败(类型为空、注册名大于10位)用例通过
Starting new HTTP connection (1): api.lemonban.com:80
Starting new HTTP connection (1): api.lemonban.com:80
Starting new HTTP connection (1): api.lemonban.com:80
http://api.lemonban.com:80 "POST /futureloan/member/register HTTP/1.1" 200 None
http://api.lemonban.com:80 "POST /futureloan/member/register HTTP/1.1" 200 None
http://api.lemonban.com:80 "POST /futureloan/member/register HTTP/1.1" 200 None
注册失败(手机号已被注册)用例不通过
注册失败(手机号已被注册)用例不通过
注册失败(手机号已被注册)用例不通过
Starting new HTTP connection (1): api.lemonban.com:80
Starting new HTTP connection (1): api.lemonban.com:80
Starting new HTTP connection (1): api.lemonban.com:80
http://api.lemonban.com:80 "POST /futureloan/member/register HTTP/1.1" 200 None
http://api.lemonban.com:80 "POST /futureloan/member/register HTTP/1.1" 200 None
http://api.lemonban.com:80 "POST /futureloan/member/register HTTP/1.1" 200 None
注册失败(手机号过长)用例通过
注册失败(手机号过长)用例通过
注册失败(手机号过长)用例通过
Starting new HTTP connection (1): api.lemonban.com:80
Starting new HTTP connection (1): api.lemonban.com:80
Starting new HTTP connection (1): api.lemonban.com:80
http://api.lemonban.com:80 "POST /futureloan/member/register HTTP/1.1" 200 None
http://api.lemonban.com:80 "POST /futureloan/member/register HTTP/1.1" 200 None
http://api.lemonban.com:80 "POST /futureloan/member/register HTTP/1.1" 200 None
注册失败(手机号过短)用例通过
注册失败(手机号过短)用例通过
注册失败(手机号过短)用例通过
Starting new HTTP connection (1): api.lemonban.com:80
Starting new HTTP connection (1): api.lemonban.com:80
Starting new HTTP connection (1): api.lemonban.com:80
http://api.lemonban.com:80 "POST /futureloan/member/register HTTP/1.1" 200 None
http://api.lemonban.com:80 "POST /futureloan/member/register HTTP/1.1" 200 None
http://api.lemonban.com:80 "POST /futureloan/member/register HTTP/1.1" 200 None
注册失败(手机号包含特殊字符)用例通过
注册失败(手机号包含特殊字符)用例通过
注册失败(手机号包含特殊字符)用例通过
Starting new HTTP connection (1): api.lemonban.com:80
Starting new HTTP connection (1): api.lemonban.com:80
Starting new HTTP connection (1): api.lemonban.com:80
http://api.lemonban.com:80 "POST /futureloan/member/register HTTP/1.1" 200 None
http://api.lemonban.com:80 "POST /futureloan/member/register HTTP/1.1" 200 None
http://api.lemonban.com:80 "POST /futureloan/member/register HTTP/1.1" 200 None
注册失败(手机号为空)用例通过
注册失败(手机号为空)用例通过
注册失败(手机号为空)用例通过
Starting new HTTP connection (1): api.lemonban.com:80
Starting new HTTP connection (1): api.lemonban.com:80
Starting new HTTP connection (1): api.lemonban.com:80
http://api.lemonban.com:80 "POST /futureloan/member/register HTTP/1.1" 200 None
http://api.lemonban.com:80 "POST /futureloan/member/register HTTP/1.1" 200 None
http://api.lemonban.com:80 "POST /futureloan/member/register HTTP/1.1" 200 None
注册失败(密码为空)用例通过
注册失败(密码为空)用例通过
注册失败(密码为空)用例通过
Starting new HTTP connection (1): api.lemonban.com:80
Starting new HTTP connection (1): api.lemonban.com:80
Starting new HTTP connection (1): api.lemonban.com:80
http://api.lemonban.com:80 "POST /futureloan/member/register HTTP/1.1" 200 None
http://api.lemonban.com:80 "POST /futureloan/member/register HTTP/1.1" 200 None
http://api.lemonban.com:80 "POST /futureloan/member/register HTTP/1.1" 200 None
注册失败(类型超出范围)用例通过
注册失败(类型超出范围)用例通过
注册失败(类型超出范围)用例通过
Starting new HTTP connection (1): api.lemonban.com:80
Starting new HTTP connection (1): api.lemonban.com:80
Starting new HTTP connection (1): api.lemonban.com:80
http://api.lemonban.com:80 "POST /futureloan/member/register HTTP/1.1" 200 None
http://api.lemonban.com:80 "POST /futureloan/member/register HTTP/1.1" 200 None
http://api.lemonban.com:80 "POST /futureloan/member/register HTTP/1.1" 200 None
注册失败(密码过长)用例通过
注册失败(密码过长)用例通过
注册失败(密码过长)用例通过
Starting new HTTP connection (1): api.lemonban.com:80
Starting new HTTP connection (1): api.lemonban.com:80
Starting new HTTP connection (1): api.lemonban.com:80
http://api.lemonban.com:80 "POST /futureloan/member/register HTTP/1.1" 200 None
http://api.lemonban.com:80 "POST /futureloan/member/register HTTP/1.1" 200 None
http://api.lemonban.com:80 "POST /futureloan/member/register HTTP/1.1" 200 None
注册失败(密码过短)用例通过
注册失败(密码过短)用例通过
注册失败(密码过短)用例通过
Starting new HTTP connection (1): api.lemonban.com:80
Starting new HTTP connection (1): api.lemonban.com:80
Starting new HTTP connection (1): api.lemonban.com:80
http://api.lemonban.com:80 "POST /futureloan/member/login HTTP/1.1" 200 None
http://api.lemonban.com:80 "POST /futureloan/member/login HTTP/1.1" 200 None
http://api.lemonban.com:80 "POST /futureloan/member/login HTTP/1.1" 200 None
Starting new HTTP connection (1): api.lemonban.com:80
Starting new HTTP connection (1): api.lemonban.com:80
Starting new HTTP connection (1): api.lemonban.com:80
http://api.lemonban.com:80 "POST /futureloan/member/recharge HTTP/1.1" 200 None
http://api.lemonban.com:80 "POST /futureloan/member/recharge HTTP/1.1" 200 None
http://api.lemonban.com:80 "POST /futureloan/member/recharge HTTP/1.1" 200 None
充值成功用例执行通过
充值成功用例执行通过
充值成功用例执行通过
Starting new HTTP connection (1): api.lemonban.com:80
Starting new HTTP connection (1): api.lemonban.com:80
Starting new HTTP connection (1): api.lemonban.com:80
http://api.lemonban.com:80 "POST /futureloan/member/recharge HTTP/1.1" 200 None
http://api.lemonban.com:80 "POST /futureloan/member/recharge HTTP/1.1" 200 None
http://api.lemonban.com:80 "POST /futureloan/member/recharge HTTP/1.1" 200 None
充值0.01成功用例执行通过
充值0.01成功用例执行通过
充值0.01成功用例执行通过
Starting new HTTP connection (1): api.lemonban.com:80
Starting new HTTP connection (1): api.lemonban.com:80
Starting new HTTP connection (1): api.lemonban.com:80
http://api.lemonban.com:80 "POST /futureloan/member/recharge HTTP/1.1" 200 None
http://api.lemonban.com:80 "POST /futureloan/member/recharge HTTP/1.1" 200 None
http://api.lemonban.com:80 "POST /futureloan/member/recharge HTTP/1.1" 200 None
充值500000成功用例执行通过
充值500000成功用例执行通过
充值500000成功用例执行通过
Starting new HTTP connection (1): api.lemonban.com:80
Starting new HTTP connection (1): api.lemonban.com:80
Starting new HTTP connection (1): api.lemonban.com:80
http://api.lemonban.com:80 "POST /futureloan/member/recharge HTTP/1.1" 200 None
http://api.lemonban.com:80 "POST /futureloan/member/recharge HTTP/1.1" 200 None
http://api.lemonban.com:80 "POST /futureloan/member/recharge HTTP/1.1" 200 None
充值0失败用例执行失败
充值0失败用例执行失败
充值0失败用例执行失败
Starting new HTTP connection (1): api.lemonban.com:80
Starting new HTTP connection (1): api.lemonban.com:80
Starting new HTTP connection (1): api.lemonban.com:80
http://api.lemonban.com:80 "POST /futureloan/member/recharge HTTP/1.1" 200 None
http://api.lemonban.com:80 "POST /futureloan/member/recharge HTTP/1.1" 200 None
http://api.lemonban.com:80 "POST /futureloan/member/recharge HTTP/1.1" 200 None
用户id为空用例执行失败
用户id为空用例执行失败
用户id为空用例执行失败
Starting new HTTP connection (1): api.lemonban.com:80
Starting new HTTP connection (1): api.lemonban.com:80
Starting new HTTP connection (1): api.lemonban.com:80
http://api.lemonban.com:80 "POST /futureloan/member/recharge HTTP/1.1" 200 None
http://api.lemonban.com:80 "POST /futureloan/member/recharge HTTP/1.1" 200 None
http://api.lemonban.com:80 "POST /futureloan/member/recharge HTTP/1.1" 200 None
充值金额为空用例执行失败
充值金额为空用例执行失败
充值金额为空用例执行失败
Starting new HTTP connection (1): api.lemonban.com:80
Starting new HTTP connection (1): api.lemonban.com:80
Starting new HTTP connection (1): api.lemonban.com:80
http://api.lemonban.com:80 "POST /futureloan/member/recharge HTTP/1.1" 200 None
http://api.lemonban.com:80 "POST /futureloan/member/recharge HTTP/1.1" 200 None
http://api.lemonban.com:80 "POST /futureloan/member/recharge HTTP/1.1" 200 None
用户id不存在用例执行通过
用户id不存在用例执行通过
用户id不存在用例执行通过
Starting new HTTP connection (1): api.lemonban.com:80
Starting new HTTP connection (1): api.lemonban.com:80
Starting new HTTP connection (1): api.lemonban.com:80
http://api.lemonban.com:80 "POST /futureloan/member/recharge HTTP/1.1" 200 None
http://api.lemonban.com:80 "POST /futureloan/member/recharge HTTP/1.1" 200 None
http://api.lemonban.com:80 "POST /futureloan/member/recharge HTTP/1.1" 200 None
充值金额为负值用例执行失败
充值金额为负值用例执行失败
充值金额为负值用例执行失败
Starting new HTTP connection (1): api.lemonban.com:80
Starting new HTTP connection (1): api.lemonban.com:80
Starting new HTTP connection (1): api.lemonban.com:80
http://api.lemonban.com:80 "POST /futureloan/member/recharge HTTP/1.1" 200 None
http://api.lemonban.com:80 "POST /futureloan/member/recharge HTTP/1.1" 200 None
http://api.lemonban.com:80 "POST /futureloan/member/recharge HTTP/1.1" 200 None
充值金额超出范围用例执行失败
充值金额超出范围用例执行失败
充值金额超出范围用例执行失败
Starting new HTTP connection (1): api.lemonban.com:80
Starting new HTTP connection (1): api.lemonban.com:80
Starting new HTTP connection (1): api.lemonban.com:80
http://api.lemonban.com:80 "POST /futureloan/member/recharge HTTP/1.1" 200 None
http://api.lemonban.com:80 "POST /futureloan/member/recharge HTTP/1.1" 200 None
http://api.lemonban.com:80 "POST /futureloan/member/recharge HTTP/1.1" 200 None
充值金额3位小数用例执行失败
充值金额3位小数用例执行失败
充值金额3位小数用例执行失败
Starting new HTTP connection (1): api.lemonban.com:80
Starting new HTTP connection (1): api.lemonban.com:80
Starting new HTTP connection (1): api.lemonban.com:80
http://api.lemonban.com:80 "POST /futureloan/member/recharge HTTP/1.1" 200 None
http://api.lemonban.com:80 "POST /futureloan/member/recharge HTTP/1.1" 200 None
http://api.lemonban.com:80 "POST /futureloan/member/recharge HTTP/1.1" 200 None
充值金额为字符串格式用例执行失败
充值金额为字符串格式用例执行失败
充值金额为字符串格式用例执行失败
Starting new HTTP connection (1): api.lemonban.com:80
Starting new HTTP connection (1): api.lemonban.com:80
Starting new HTTP connection (1): api.lemonban.com:80
http://api.lemonban.com:80 "POST /futureloan/member/recharge HTTP/1.1" 200 None
http://api.lemonban.com:80 "POST /futureloan/member/recharge HTTP/1.1" 200 None
http://api.lemonban.com:80 "POST /futureloan/member/recharge HTTP/1.1" 200 None
用户名字字符串格式用例执行失败
用户名字字符串格式用例执行失败
用户名字字符串格式用例执行失败
Starting new HTTP connection (1): api.lemonban.com:80
Starting new HTTP connection (1): api.lemonban.com:80
Starting new HTTP connection (1): api.lemonban.com:80
Starting new HTTP connection (1): api.lemonban.com:80
http://api.lemonban.com:80 "POST /futureloan/member/login HTTP/1.1" 200 None
http://api.lemonban.com:80 "POST /futureloan/member/login HTTP/1.1" 200 None
http://api.lemonban.com:80 "POST /futureloan/member/login HTTP/1.1" 200 None
http://api.lemonban.com:80 "POST /futureloan/member/login HTTP/1.1" 200 None
登录成功用例执行通过
登录成功用例执行通过
登录成功用例执行通过
登录成功用例执行通过
Starting new HTTP connection (1): api.lemonban.com:80
Starting new HTTP connection (1): api.lemonban.com:80
Starting new HTTP connection (1): api.lemonban.com:80
Starting new HTTP connection (1): api.lemonban.com:80
http://api.lemonban.com:80 "POST /futureloan/member/login HTTP/1.1" 200 None
http://api.lemonban.com:80 "POST /futureloan/member/login HTTP/1.1" 200 None
http://api.lemonban.com:80 "POST /futureloan/member/login HTTP/1.1" 200 None
http://api.lemonban.com:80 "POST /futureloan/member/login HTTP/1.1" 200 None
密码错误用例执行通过
密码错误用例执行通过
密码错误用例执行通过
密码错误用例执行通过
Starting new HTTP connection (1): api.lemonban.com:80
Starting new HTTP connection (1): api.lemonban.com:80
Starting new HTTP connection (1): api.lemonban.com:80
Starting new HTTP connection (1): api.lemonban.com:80
http://api.lemonban.com:80 "POST /futureloan/member/login HTTP/1.1" 200 None
http://api.lemonban.com:80 "POST /futureloan/member/login HTTP/1.1" 200 None
http://api.lemonban.com:80 "POST /futureloan/member/login HTTP/1.1" 200 None
http://api.lemonban.com:80 "POST /futureloan/member/login HTTP/1.1" 200 None
账号错误用例执行失败
账号错误用例执行失败
账号错误用例执行失败
账号错误用例执行失败
Starting new HTTP connection (1): api.lemonban.com:80
Starting new HTTP connection (1): api.lemonban.com:80
Starting new HTTP connection (1): api.lemonban.com:80
Starting new HTTP connection (1): api.lemonban.com:80
http://api.lemonban.com:80 "POST /futureloan/member/login HTTP/1.1" 200 None
http://api.lemonban.com:80 "POST /futureloan/member/login HTTP/1.1" 200 None
http://api.lemonban.com:80 "POST /futureloan/member/login HTTP/1.1" 200 None
http://api.lemonban.com:80 "POST /futureloan/member/login HTTP/1.1" 200 None
账号为空用例执行通过
账号为空用例执行通过
账号为空用例执行通过
账号为空用例执行通过
Starting new HTTP connection (1): api.lemonban.com:80
Starting new HTTP connection (1): api.lemonban.com:80
Starting new HTTP connection (1): api.lemonban.com:80
Starting new HTTP connection (1): api.lemonban.com:80
http://api.lemonban.com:80 "POST /futureloan/member/login HTTP/1.1" 200 None
http://api.lemonban.com:80 "POST /futureloan/member/login HTTP/1.1" 200 None
http://api.lemonban.com:80 "POST /futureloan/member/login HTTP/1.1" 200 None
http://api.lemonban.com:80 "POST /futureloan/member/login HTTP/1.1" 200 None
密码为空用例执行通过
密码为空用例执行通过
密码为空用例执行通过
密码为空用例执行通过
Starting new HTTP connection (1): api.lemonban.com:80
Starting new HTTP connection (1): api.lemonban.com:80
Starting new HTTP connection (1): api.lemonban.com:80
Starting new HTTP connection (1): api.lemonban.com:80
http://api.lemonban.com:80 "POST /futureloan/member/register HTTP/1.1" 200 None
http://api.lemonban.com:80 "POST /futureloan/member/register HTTP/1.1" 200 None
http://api.lemonban.com:80 "POST /futureloan/member/register HTTP/1.1" 200 None
http://api.lemonban.com:80 "POST /futureloan/member/register HTTP/1.1" 200 None
正常注册(类型、注册名为空)用例通过
正常注册(类型、注册名为空)用例通过
正常注册(类型、注册名为空)用例通过
正常注册(类型、注册名为空)用例通过
Starting new HTTP connection (1): api.lemonban.com:80
Starting new HTTP connection (1): api.lemonban.com:80
Starting new HTTP connection (1): api.lemonban.com:80
Starting new HTTP connection (1): api.lemonban.com:80
http://api.lemonban.com:80 "POST /futureloan/member/register HTTP/1.1" 200 None
http://api.lemonban.com:80 "POST /futureloan/member/register HTTP/1.1" 200 None
http://api.lemonban.com:80 "POST /futureloan/member/register HTTP/1.1" 200 None
http://api.lemonban.com:80 "POST /futureloan/member/register HTTP/1.1" 200 None
正常注册(类型为0、注册名为空)用例通过
正常注册(类型为0、注册名为空)用例通过
正常注册(类型为0、注册名为空)用例通过
正常注册(类型为0、注册名为空)用例通过
Starting new HTTP connection (1): api.lemonban.com:80
Starting new HTTP connection (1): api.lemonban.com:80
Starting new HTTP connection (1): api.lemonban.com:80
Starting new HTTP connection (1): api.lemonban.com:80
http://api.lemonban.com:80 "POST /futureloan/member/register HTTP/1.1" 200 None
http://api.lemonban.com:80 "POST /futureloan/member/register HTTP/1.1" 200 None
http://api.lemonban.com:80 "POST /futureloan/member/register HTTP/1.1" 200 None
http://api.lemonban.com:80 "POST /futureloan/member/register HTTP/1.1" 200 None
正常注册(类型为空、注册名正常)用例不通过
正常注册(类型为空、注册名正常)用例不通过
正常注册(类型为空、注册名正常)用例不通过
正常注册(类型为空、注册名正常)用例不通过
Starting new HTTP connection (1): api.lemonban.com:80
Starting new HTTP connection (1): api.lemonban.com:80
Starting new HTTP connection (1): api.lemonban.com:80
Starting new HTTP connection (1): api.lemonban.com:80
http://api.lemonban.com:80 "POST /futureloan/member/register HTTP/1.1" 200 None
http://api.lemonban.com:80 "POST /futureloan/member/register HTTP/1.1" 200 None
http://api.lemonban.com:80 "POST /futureloan/member/register HTTP/1.1" 200 None
http://api.lemonban.com:80 "POST /futureloan/member/register HTTP/1.1" 200 None
注册失败(类型格式异常、注册名为空)用例不通过
注册失败(类型格式异常、注册名为空)用例不通过
注册失败(类型格式异常、注册名为空)用例不通过
注册失败(类型格式异常、注册名为空)用例不通过
Starting new HTTP connection (1): api.lemonban.com:80
Starting new HTTP connection (1): api.lemonban.com:80
Starting new HTTP connection (1): api.lemonban.com:80
Starting new HTTP connection (1): api.lemonban.com:80
http://api.lemonban.com:80 "POST /futureloan/member/register HTTP/1.1" 200 None
http://api.lemonban.com:80 "POST /futureloan/member/register HTTP/1.1" 200 None
http://api.lemonban.com:80 "POST /futureloan/member/register HTTP/1.1" 200 None
http://api.lemonban.com:80 "POST /futureloan/member/register HTTP/1.1" 200 None
注册失败(类型为空、注册名大于10位)用例通过
注册失败(类型为空、注册名大于10位)用例通过
注册失败(类型为空、注册名大于10位)用例通过
注册失败(类型为空、注册名大于10位)用例通过
Starting new HTTP connection (1): api.lemonban.com:80
Starting new HTTP connection (1): api.lemonban.com:80
Starting new HTTP connection (1): api.lemonban.com:80
Starting new HTTP connection (1): api.lemonban.com:80
http://api.lemonban.com:80 "POST /futureloan/member/register HTTP/1.1" 200 None
http://api.lemonban.com:80 "POST /futureloan/member/register HTTP/1.1" 200 None
http://api.lemonban.com:80 "POST /futureloan/member/register HTTP/1.1" 200 None
http://api.lemonban.com:80 "POST /futureloan/member/register HTTP/1.1" 200 None
注册失败(手机号已被注册)用例不通过
注册失败(手机号已被注册)用例不通过
注册失败(手机号已被注册)用例不通过
注册失败(手机号已被注册)用例不通过
Starting new HTTP connection (1): api.lemonban.com:80
Starting new HTTP connection (1): api.lemonban.com:80
Starting new HTTP connection (1): api.lemonban.com:80
Starting new HTTP connection (1): api.lemonban.com:80
http://api.lemonban.com:80 "POST /futureloan/member/register HTTP/1.1" 200 None
http://api.lemonban.com:80 "POST /futureloan/member/register HTTP/1.1" 200 None
http://api.lemonban.com:80 "POST /futureloan/member/register HTTP/1.1" 200 None
http://api.lemonban.com:80 "POST /futureloan/member/register HTTP/1.1" 200 None
注册失败(手机号过长)用例通过
注册失败(手机号过长)用例通过
注册失败(手机号过长)用例通过
注册失败(手机号过长)用例通过
Starting new HTTP connection (1): api.lemonban.com:80
Starting new HTTP connection (1): api.lemonban.com:80
Starting new HTTP connection (1): api.lemonban.com:80
Starting new HTTP connection (1): api.lemonban.com:80
http://api.lemonban.com:80 "POST /futureloan/member/register HTTP/1.1" 200 None
http://api.lemonban.com:80 "POST /futureloan/member/register HTTP/1.1" 200 None
http://api.lemonban.com:80 "POST /futureloan/member/register HTTP/1.1" 200 None
http://api.lemonban.com:80 "POST /futureloan/member/register HTTP/1.1" 200 None
注册失败(手机号过短)用例通过
注册失败(手机号过短)用例通过
注册失败(手机号过短)用例通过
注册失败(手机号过短)用例通过
Starting new HTTP connection (1): api.lemonban.com:80
Starting new HTTP connection (1): api.lemonban.com:80
Starting new HTTP connection (1): api.lemonban.com:80
Starting new HTTP connection (1): api.lemonban.com:80
http://api.lemonban.com:80 "POST /futureloan/member/register HTTP/1.1" 200 None
http://api.lemonban.com:80 "POST /futureloan/member/register HTTP/1.1" 200 None
http://api.lemonban.com:80 "POST /futureloan/member/register HTTP/1.1" 200 None
http://api.lemonban.com:80 "POST /futureloan/member/register HTTP/1.1" 200 None
注册失败(手机号包含特殊字符)用例通过
注册失败(手机号包含特殊字符)用例通过
注册失败(手机号包含特殊字符)用例通过
注册失败(手机号包含特殊字符)用例通过
Starting new HTTP connection (1): api.lemonban.com:80
Starting new HTTP connection (1): api.lemonban.com:80
Starting new HTTP connection (1): api.lemonban.com:80
Starting new HTTP connection (1): api.lemonban.com:80
http://api.lemonban.com:80 "POST /futureloan/member/register HTTP/1.1" 200 None
http://api.lemonban.com:80 "POST /futureloan/member/register HTTP/1.1" 200 None
http://api.lemonban.com:80 "POST /futureloan/member/register HTTP/1.1" 200 None
http://api.lemonban.com:80 "POST /futureloan/member/register HTTP/1.1" 200 None
注册失败(手机号为空)用例通过
注册失败(手机号为空)用例通过
注册失败(手机号为空)用例通过
注册失败(手机号为空)用例通过
Starting new HTTP connection (1): api.lemonban.com:80
Starting new HTTP connection (1): api.lemonban.com:80
Starting new HTTP connection (1): api.lemonban.com:80
Starting new HTTP connection (1): api.lemonban.com:80
http://api.lemonban.com:80 "POST /futureloan/member/register HTTP/1.1" 200 None
http://api.lemonban.com:80 "POST /futureloan/member/register HTTP/1.1" 200 None
http://api.lemonban.com:80 "POST /futureloan/member/register HTTP/1.1" 200 None
http://api.lemonban.com:80 "POST /futureloan/member/register HTTP/1.1" 200 None
注册失败(密码为空)用例通过
注册失败(密码为空)用例通过
注册失败(密码为空)用例通过
注册失败(密码为空)用例通过
Starting new HTTP connection (1): api.lemonban.com:80
Starting new HTTP connection (1): api.lemonban.com:80
Starting new HTTP connection (1): api.lemonban.com:80
Starting new HTTP connection (1): api.lemonban.com:80
http://api.lemonban.com:80 "POST /futureloan/member/register HTTP/1.1" 200 None
http://api.lemonban.com:80 "POST /futureloan/member/register HTTP/1.1" 200 None
http://api.lemonban.com:80 "POST /futureloan/member/register HTTP/1.1" 200 None
http://api.lemonban.com:80 "POST /futureloan/member/register HTTP/1.1" 200 None
注册失败(类型超出范围)用例通过
注册失败(类型超出范围)用例通过
注册失败(类型超出范围)用例通过
注册失败(类型超出范围)用例通过
Starting new HTTP connection (1): api.lemonban.com:80
Starting new HTTP connection (1): api.lemonban.com:80
Starting new HTTP connection (1): api.lemonban.com:80
Starting new HTTP connection (1): api.lemonban.com:80
http://api.lemonban.com:80 "POST /futureloan/member/register HTTP/1.1" 200 None
http://api.lemonban.com:80 "POST /futureloan/member/register HTTP/1.1" 200 None
http://api.lemonban.com:80 "POST /futureloan/member/register HTTP/1.1" 200 None
http://api.lemonban.com:80 "POST /futureloan/member/register HTTP/1.1" 200 None
注册失败(密码过长)用例通过
注册失败(密码过长)用例通过
注册失败(密码过长)用例通过
注册失败(密码过长)用例通过
Starting new HTTP connection (1): api.lemonban.com:80
Starting new HTTP connection (1): api.lemonban.com:80
Starting new HTTP connection (1): api.lemonban.com:80
Starting new HTTP connection (1): api.lemonban.com:80
http://api.lemonban.com:80 "POST /futureloan/member/register HTTP/1.1" 200 None
http://api.lemonban.com:80 "POST /futureloan/member/register HTTP/1.1" 200 None
http://api.lemonban.com:80 "POST /futureloan/member/register HTTP/1.1" 200 None
http://api.lemonban.com:80 "POST /futureloan/member/register HTTP/1.1" 200 None
注册失败(密码过短)用例通过
注册失败(密码过短)用例通过
注册失败(密码过短)用例通过
注册失败(密码过短)用例通过
Starting new HTTP connection (1): api.lemonban.com:80
Starting new HTTP connection (1): api.lemonban.com:80
Starting new HTTP connection (1): api.lemonban.com:80
Starting new HTTP connection (1): api.lemonban.com:80
http://api.lemonban.com:80 "POST /futureloan/member/login HTTP/1.1" 200 None
http://api.lemonban.com:80 "POST /futureloan/member/login HTTP/1.1" 200 None
http://api.lemonban.com:80 "POST /futureloan/member/login HTTP/1.1" 200 None
http://api.lemonban.com:80 "POST /futureloan/member/login HTTP/1.1" 200 None
Starting new HTTP connection (1): api.lemonban.com:80
Starting new HTTP connection (1): api.lemonban.com:80
Starting new HTTP connection (1): api.lemonban.com:80
Starting new HTTP connection (1): api.lemonban.com:80
http://api.lemonban.com:80 "POST /futureloan/member/recharge HTTP/1.1" 200 None
http://api.lemonban.com:80 "POST /futureloan/member/recharge HTTP/1.1" 200 None
http://api.lemonban.com:80 "POST /futureloan/member/recharge HTTP/1.1" 200 None
http://api.lemonban.com:80 "POST /futureloan/member/recharge HTTP/1.1" 200 None
充值成功用例执行通过
充值成功用例执行通过
充值成功用例执行通过
充值成功用例执行通过
Starting new HTTP connection (1): api.lemonban.com:80
Starting new HTTP connection (1): api.lemonban.com:80
Starting new HTTP connection (1): api.lemonban.com:80
Starting new HTTP connection (1): api.lemonban.com:80
http://api.lemonban.com:80 "POST /futureloan/member/recharge HTTP/1.1" 200 None
http://api.lemonban.com:80 "POST /futureloan/member/recharge HTTP/1.1" 200 None
http://api.lemonban.com:80 "POST /futureloan/member/recharge HTTP/1.1" 200 None
http://api.lemonban.com:80 "POST /futureloan/member/recharge HTTP/1.1" 200 None
充值0.01成功用例执行通过
充值0.01成功用例执行通过
充值0.01成功用例执行通过
充值0.01成功用例执行通过
Starting new HTTP connection (1): api.lemonban.com:80
Starting new HTTP connection (1): api.lemonban.com:80
Starting new HTTP connection (1): api.lemonban.com:80
Starting new HTTP connection (1): api.lemonban.com:80
http://api.lemonban.com:80 "POST /futureloan/member/recharge HTTP/1.1" 200 None
http://api.lemonban.com:80 "POST /futureloan/member/recharge HTTP/1.1" 200 None
http://api.lemonban.com:80 "POST /futureloan/member/recharge HTTP/1.1" 200 None
http://api.lemonban.com:80 "POST /futureloan/member/recharge HTTP/1.1" 200 None
充值500000成功用例执行通过
充值500000成功用例执行通过
充值500000成功用例执行通过
充值500000成功用例执行通过
Starting new HTTP connection (1): api.lemonban.com:80
Starting new HTTP connection (1): api.lemonban.com:80
Starting new HTTP connection (1): api.lemonban.com:80
Starting new HTTP connection (1): api.lemonban.com:80
http://api.lemonban.com:80 "POST /futureloan/member/recharge HTTP/1.1" 200 None
http://api.lemonban.com:80 "POST /futureloan/member/recharge HTTP/1.1" 200 None
http://api.lemonban.com:80 "POST /futureloan/member/recharge HTTP/1.1" 200 None
http://api.lemonban.com:80 "POST /futureloan/member/recharge HTTP/1.1" 200 None
充值0失败用例执行失败
充值0失败用例执行失败
充值0失败用例执行失败
充值0失败用例执行失败
Starting new HTTP connection (1): api.lemonban.com:80
Starting new HTTP connection (1): api.lemonban.com:80
Starting new HTTP connection (1): api.lemonban.com:80
Starting new HTTP connection (1): api.lemonban.com:80
http://api.lemonban.com:80 "POST /futureloan/member/recharge HTTP/1.1" 200 None
http://api.lemonban.com:80 "POST /futureloan/member/recharge HTTP/1.1" 200 None
http://api.lemonban.com:80 "POST /futureloan/member/recharge HTTP/1.1" 200 None
http://api.lemonban.com:80 "POST /futureloan/member/recharge HTTP/1.1" 200 None
用户id为空用例执行失败
用户id为空用例执行失败
用户id为空用例执行失败
用户id为空用例执行失败
Starting new HTTP connection (1): api.lemonban.com:80
Starting new HTTP connection (1): api.lemonban.com:80
Starting new HTTP connection (1): api.lemonban.com:80
Starting new HTTP connection (1): api.lemonban.com:80
http://api.lemonban.com:80 "POST /futureloan/member/recharge HTTP/1.1" 200 None
http://api.lemonban.com:80 "POST /futureloan/member/recharge HTTP/1.1" 200 None
http://api.lemonban.com:80 "POST /futureloan/member/recharge HTTP/1.1" 200 None
http://api.lemonban.com:80 "POST /futureloan/member/recharge HTTP/1.1" 200 None
充值金额为空用例执行失败
充值金额为空用例执行失败
充值金额为空用例执行失败
充值金额为空用例执行失败
Starting new HTTP connection (1): api.lemonban.com:80
Starting new HTTP connection (1): api.lemonban.com:80
Starting new HTTP connection (1): api.lemonban.com:80
Starting new HTTP connection (1): api.lemonban.com:80
http://api.lemonban.com:80 "POST /futureloan/member/recharge HTTP/1.1" 200 None
http://api.lemonban.com:80 "POST /futureloan/member/recharge HTTP/1.1" 200 None
http://api.lemonban.com:80 "POST /futureloan/member/recharge HTTP/1.1" 200 None
http://api.lemonban.com:80 "POST /futureloan/member/recharge HTTP/1.1" 200 None
用户id不存在用例执行通过
用户id不存在用例执行通过
用户id不存在用例执行通过
用户id不存在用例执行通过
Starting new HTTP connection (1): api.lemonban.com:80
Starting new HTTP connection (1): api.lemonban.com:80
Starting new HTTP connection (1): api.lemonban.com:80
Starting new HTTP connection (1): api.lemonban.com:80
http://api.lemonban.com:80 "POST /futureloan/member/recharge HTTP/1.1" 200 None
http://api.lemonban.com:80 "POST /futureloan/member/recharge HTTP/1.1" 200 None
http://api.lemonban.com:80 "POST /futureloan/member/recharge HTTP/1.1" 200 None
http://api.lemonban.com:80 "POST /futureloan/member/recharge HTTP/1.1" 200 None
充值金额为负值用例执行失败
充值金额为负值用例执行失败
充值金额为负值用例执行失败
充值金额为负值用例执行失败
Starting new HTTP connection (1): api.lemonban.com:80
Starting new HTTP connection (1): api.lemonban.com:80
Starting new HTTP connection (1): api.lemonban.com:80
Starting new HTTP connection (1): api.lemonban.com:80
http://api.lemonban.com:80 "POST /futureloan/member/recharge HTTP/1.1" 200 None
http://api.lemonban.com:80 "POST /futureloan/member/recharge HTTP/1.1" 200 None
http://api.lemonban.com:80 "POST /futureloan/member/recharge HTTP/1.1" 200 None
http://api.lemonban.com:80 "POST /futureloan/member/recharge HTTP/1.1" 200 None
充值金额超出范围用例执行失败
充值金额超出范围用例执行失败
充值金额超出范围用例执行失败
充值金额超出范围用例执行失败
Starting new HTTP connection (1): api.lemonban.com:80
Starting new HTTP connection (1): api.lemonban.com:80
Starting new HTTP connection (1): api.lemonban.com:80
Starting new HTTP connection (1): api.lemonban.com:80
http://api.lemonban.com:80 "POST /futureloan/member/recharge HTTP/1.1" 200 None
http://api.lemonban.com:80 "POST /futureloan/member/recharge HTTP/1.1" 200 None
http://api.lemonban.com:80 "POST /futureloan/member/recharge HTTP/1.1" 200 None
http://api.lemonban.com:80 "POST /futureloan/member/recharge HTTP/1.1" 200 None
充值金额3位小数用例执行失败
充值金额3位小数用例执行失败
充值金额3位小数用例执行失败
充值金额3位小数用例执行失败
Starting new HTTP connection (1): api.lemonban.com:80
Starting new HTTP connection (1): api.lemonban.com:80
Starting new HTTP connection (1): api.lemonban.com:80
Starting new HTTP connection (1): api.lemonban.com:80
http://api.lemonban.com:80 "POST /futureloan/member/recharge HTTP/1.1" 200 None
http://api.lemonban.com:80 "POST /futureloan/member/recharge HTTP/1.1" 200 None
http://api.lemonban.com:80 "POST /futureloan/member/recharge HTTP/1.1" 200 None
http://api.lemonban.com:80 "POST /futureloan/member/recharge HTTP/1.1" 200 None
充值金额为字符串格式用例执行失败
充值金额为字符串格式用例执行失败
充值金额为字符串格式用例执行失败
充值金额为字符串格式用例执行失败
Starting new HTTP connection (1): api.lemonban.com:80
Starting new HTTP connection (1): api.lemonban.com:80
Starting new HTTP connection (1): api.lemonban.com:80
Starting new HTTP connection (1): api.lemonban.com:80
http://api.lemonban.com:80 "POST /futureloan/member/recharge HTTP/1.1" 200 None
http://api.lemonban.com:80 "POST /futureloan/member/recharge HTTP/1.1" 200 None
http://api.lemonban.com:80 "POST /futureloan/member/recharge HTTP/1.1" 200 None
http://api.lemonban.com:80 "POST /futureloan/member/recharge HTTP/1.1" 200 None
用户名字字符串格式用例执行失败
用户名字字符串格式用例执行失败
用户名字字符串格式用例执行失败
用户名字字符串格式用例执行失败
Starting new HTTP connection (1): api.lemonban.com:80
Starting new HTTP connection (1): api.lemonban.com:80
Starting new HTTP connection (1): api.lemonban.com:80
Starting new HTTP connection (1): api.lemonban.com:80
http://api.lemonban.com:80 "POST /futureloan/member/login HTTP/1.1" 200 None
http://api.lemonban.com:80 "POST /futureloan/member/login HTTP/1.1" 200 None
http://api.lemonban.com:80 "POST /futureloan/member/login HTTP/1.1" 200 None
http://api.lemonban.com:80 "POST /futureloan/member/login HTTP/1.1" 200 None
Starting new HTTP connection (1): api.lemonban.com:80
Starting new HTTP connection (1): api.lemonban.com:80
Starting new HTTP connection (1): api.lemonban.com:80
Starting new HTTP connection (1): api.lemonban.com:80
http://api.lemonban.com:80 "POST /futureloan/member/withdraw HTTP/1.1" 200 None
http://api.lemonban.com:80 "POST /futureloan/member/withdraw HTTP/1.1" 200 None
http://api.lemonban.com:80 "POST /futureloan/member/withdraw HTTP/1.1" 200 None
http://api.lemonban.com:80 "POST /futureloan/member/withdraw HTTP/1.1" 200 None
提现成功用例执行通过
提现成功用例执行通过
提现成功用例执行通过
提现成功用例执行通过
Starting new HTTP connection (1): api.lemonban.com:80
Starting new HTTP connection (1): api.lemonban.com:80
Starting new HTTP connection (1): api.lemonban.com:80
Starting new HTTP connection (1): api.lemonban.com:80
http://api.lemonban.com:80 "POST /futureloan/member/withdraw HTTP/1.1" 200 None
http://api.lemonban.com:80 "POST /futureloan/member/withdraw HTTP/1.1" 200 None
http://api.lemonban.com:80 "POST /futureloan/member/withdraw HTTP/1.1" 200 None
http://api.lemonban.com:80 "POST /futureloan/member/withdraw HTTP/1.1" 200 None
提现0.01成功用例执行通过
提现0.01成功用例执行通过
提现0.01成功用例执行通过
提现0.01成功用例执行通过
Starting new HTTP connection (1): api.lemonban.com:80
Starting new HTTP connection (1): api.lemonban.com:80
Starting new HTTP connection (1): api.lemonban.com:80
Starting new HTTP connection (1): api.lemonban.com:80
http://api.lemonban.com:80 "POST /futureloan/member/withdraw HTTP/1.1" 200 None
http://api.lemonban.com:80 "POST /futureloan/member/withdraw HTTP/1.1" 200 None
http://api.lemonban.com:80 "POST /futureloan/member/withdraw HTTP/1.1" 200 None
http://api.lemonban.com:80 "POST /futureloan/member/withdraw HTTP/1.1" 200 None
提现500000成功用例执行通过
提现500000成功用例执行通过
提现500000成功用例执行通过
提现500000成功用例执行通过
Starting new HTTP connection (1): api.lemonban.com:80
Starting new HTTP connection (1): api.lemonban.com:80
Starting new HTTP connection (1): api.lemonban.com:80
Starting new HTTP connection (1): api.lemonban.com:80
http://api.lemonban.com:80 "POST /futureloan/member/withdraw HTTP/1.1" 200 None
http://api.lemonban.com:80 "POST /futureloan/member/withdraw HTTP/1.1" 200 None
http://api.lemonban.com:80 "POST /futureloan/member/withdraw HTTP/1.1" 200 None
http://api.lemonban.com:80 "POST /futureloan/member/withdraw HTTP/1.1" 200 None
提现0失败用例执行失败
提现0失败用例执行失败
提现0失败用例执行失败
提现0失败用例执行失败
Starting new HTTP connection (1): api.lemonban.com:80
Starting new HTTP connection (1): api.lemonban.com:80
Starting new HTTP connection (1): api.lemonban.com:80
Starting new HTTP connection (1): api.lemonban.com:80
http://api.lemonban.com:80 "POST /futureloan/member/withdraw HTTP/1.1" 200 None
http://api.lemonban.com:80 "POST /futureloan/member/withdraw HTTP/1.1" 200 None
http://api.lemonban.com:80 "POST /futureloan/member/withdraw HTTP/1.1" 200 None
http://api.lemonban.com:80 "POST /futureloan/member/withdraw HTTP/1.1" 200 None
用户id为空用例执行失败
用户id为空用例执行失败
用户id为空用例执行失败
用户id为空用例执行失败
Starting new HTTP connection (1): api.lemonban.com:80
Starting new HTTP connection (1): api.lemonban.com:80
Starting new HTTP connection (1): api.lemonban.com:80
Starting new HTTP connection (1): api.lemonban.com:80
http://api.lemonban.com:80 "POST /futureloan/member/withdraw HTTP/1.1" 200 None
http://api.lemonban.com:80 "POST /futureloan/member/withdraw HTTP/1.1" 200 None
http://api.lemonban.com:80 "POST /futureloan/member/withdraw HTTP/1.1" 200 None
http://api.lemonban.com:80 "POST /futureloan/member/withdraw HTTP/1.1" 200 None
提现金额为空用例执行失败
提现金额为空用例执行失败
提现金额为空用例执行失败
提现金额为空用例执行失败
Starting new HTTP connection (1): api.lemonban.com:80
Starting new HTTP connection (1): api.lemonban.com:80
Starting new HTTP connection (1): api.lemonban.com:80
Starting new HTTP connection (1): api.lemonban.com:80
http://api.lemonban.com:80 "POST /futureloan/member/withdraw HTTP/1.1" 200 None
http://api.lemonban.com:80 "POST /futureloan/member/withdraw HTTP/1.1" 200 None
http://api.lemonban.com:80 "POST /futureloan/member/withdraw HTTP/1.1" 200 None
http://api.lemonban.com:80 "POST /futureloan/member/withdraw HTTP/1.1" 200 None
用户id不存在用例执行失败
用户id不存在用例执行失败
用户id不存在用例执行失败
用户id不存在用例执行失败
Starting new HTTP connection (1): api.lemonban.com:80
Starting new HTTP connection (1): api.lemonban.com:80
Starting new HTTP connection (1): api.lemonban.com:80
Starting new HTTP connection (1): api.lemonban.com:80
http://api.lemonban.com:80 "POST /futureloan/member/withdraw HTTP/1.1" 200 None
http://api.lemonban.com:80 "POST /futureloan/member/withdraw HTTP/1.1" 200 None
http://api.lemonban.com:80 "POST /futureloan/member/withdraw HTTP/1.1" 200 None
http://api.lemonban.com:80 "POST /futureloan/member/withdraw HTTP/1.1" 200 None
提现金额为负值用例执行失败
提现金额为负值用例执行失败
提现金额为负值用例执行失败
提现金额为负值用例执行失败
Starting new HTTP connection (1): api.lemonban.com:80
Starting new HTTP connection (1): api.lemonban.com:80
Starting new HTTP connection (1): api.lemonban.com:80
Starting new HTTP connection (1): api.lemonban.com:80
http://api.lemonban.com:80 "POST /futureloan/member/withdraw HTTP/1.1" 200 None
http://api.lemonban.com:80 "POST /futureloan/member/withdraw HTTP/1.1" 200 None
http://api.lemonban.com:80 "POST /futureloan/member/withdraw HTTP/1.1" 200 None
http://api.lemonban.com:80 "POST /futureloan/member/withdraw HTTP/1.1" 200 None
提现金额超出范围用例执行失败
提现金额超出范围用例执行失败
提现金额超出范围用例执行失败
提现金额超出范围用例执行失败
Starting new HTTP connection (1): api.lemonban.com:80
Starting new HTTP connection (1): api.lemonban.com:80
Starting new HTTP connection (1): api.lemonban.com:80
Starting new HTTP connection (1): api.lemonban.com:80
http://api.lemonban.com:80 "POST /futureloan/member/withdraw HTTP/1.1" 200 None
http://api.lemonban.com:80 "POST /futureloan/member/withdraw HTTP/1.1" 200 None
http://api.lemonban.com:80 "POST /futureloan/member/withdraw HTTP/1.1" 200 None
http://api.lemonban.com:80 "POST /futureloan/member/withdraw HTTP/1.1" 200 None
提现金额3位小数用例执行失败
提现金额3位小数用例执行失败
提现金额3位小数用例执行失败
提现金额3位小数用例执行失败
Starting new HTTP connection (1): api.lemonban.com:80
Starting new HTTP connection (1): api.lemonban.com:80
Starting new HTTP connection (1): api.lemonban.com:80
Starting new HTTP connection (1): api.lemonban.com:80
http://api.lemonban.com:80 "POST /futureloan/member/withdraw HTTP/1.1" 200 None
http://api.lemonban.com:80 "POST /futureloan/member/withdraw HTTP/1.1" 200 None
http://api.lemonban.com:80 "POST /futureloan/member/withdraw HTTP/1.1" 200 None
http://api.lemonban.com:80 "POST /futureloan/member/withdraw HTTP/1.1" 200 None
提现金额为字符串格式用例执行失败
提现金额为字符串格式用例执行失败
提现金额为字符串格式用例执行失败
提现金额为字符串格式用例执行失败
Starting new HTTP connection (1): api.lemonban.com:80
Starting new HTTP connection (1): api.lemonban.com:80
Starting new HTTP connection (1): api.lemonban.com:80
Starting new HTTP connection (1): api.lemonban.com:80
http://api.lemonban.com:80 "POST /futureloan/member/withdraw HTTP/1.1" 200 None
http://api.lemonban.com:80 "POST /futureloan/member/withdraw HTTP/1.1" 200 None
http://api.lemonban.com:80 "POST /futureloan/member/withdraw HTTP/1.1" 200 None
http://api.lemonban.com:80 "POST /futureloan/member/withdraw HTTP/1.1" 200 None
用户名字字符串格式用例执行失败
用户名字字符串格式用例执行失败
用户名字字符串格式用例执行失败
用户名字字符串格式用例执行失败
Starting new HTTP connection (1): api.lemonban.com:80
Starting new HTTP connection (1): api.lemonban.com:80
Starting new HTTP connection (1): api.lemonban.com:80
Starting new HTTP connection (1): api.lemonban.com:80
http://api.lemonban.com:80 "POST /futureloan/member/login HTTP/1.1" 200 None
http://api.lemonban.com:80 "POST /futureloan/member/login HTTP/1.1" 200 None
http://api.lemonban.com:80 "POST /futureloan/member/login HTTP/1.1" 200 None
http://api.lemonban.com:80 "POST /futureloan/member/login HTTP/1.1" 200 None
登录成功用例执行通过
登录成功用例执行通过
登录成功用例执行通过
登录成功用例执行通过
Starting new HTTP connection (1): api.lemonban.com:80
Starting new HTTP connection (1): api.lemonban.com:80
Starting new HTTP connection (1): api.lemonban.com:80
Starting new HTTP connection (1): api.lemonban.com:80
http://api.lemonban.com:80 "POST /futureloan/member/login HTTP/1.1" 200 None
http://api.lemonban.com:80 "POST /futureloan/member/login HTTP/1.1" 200 None
http://api.lemonban.com:80 "POST /futureloan/member/login HTTP/1.1" 200 None
http://api.lemonban.com:80 "POST /futureloan/member/login HTTP/1.1" 200 None
密码错误用例执行通过
密码错误用例执行通过
密码错误用例执行通过
密码错误用例执行通过
Starting new HTTP connection (1): api.lemonban.com:80
Starting new HTTP connection (1): api.lemonban.com:80
Starting new HTTP connection (1): api.lemonban.com:80
Starting new HTTP connection (1): api.lemonban.com:80
http://api.lemonban.com:80 "POST /futureloan/member/login HTTP/1.1" 200 None
http://api.lemonban.com:80 "POST /futureloan/member/login HTTP/1.1" 200 None
http://api.lemonban.com:80 "POST /futureloan/member/login HTTP/1.1" 200 None
http://api.lemonban.com:80 "POST /futureloan/member/login HTTP/1.1" 200 None
账号错误用例执行失败
账号错误用例执行失败
账号错误用例执行失败
账号错误用例执行失败
Starting new HTTP connection (1): api.lemonban.com:80
Starting new HTTP connection (1): api.lemonban.com:80
Starting new HTTP connection (1): api.lemonban.com:80
Starting new HTTP connection (1): api.lemonban.com:80
http://api.lemonban.com:80 "POST /futureloan/member/login HTTP/1.1" 200 None
http://api.lemonban.com:80 "POST /futureloan/member/login HTTP/1.1" 200 None
http://api.lemonban.com:80 "POST /futureloan/member/login HTTP/1.1" 200 None
http://api.lemonban.com:80 "POST /futureloan/member/login HTTP/1.1" 200 None
账号为空用例执行通过
账号为空用例执行通过
账号为空用例执行通过
账号为空用例执行通过
Starting new HTTP connection (1): api.lemonban.com:80
Starting new HTTP connection (1): api.lemonban.com:80
Starting new HTTP connection (1): api.lemonban.com:80
Starting new HTTP connection (1): api.lemonban.com:80
http://api.lemonban.com:80 "POST /futureloan/member/login HTTP/1.1" 200 None
http://api.lemonban.com:80 "POST /futureloan/member/login HTTP/1.1" 200 None
http://api.lemonban.com:80 "POST /futureloan/member/login HTTP/1.1" 200 None
http://api.lemonban.com:80 "POST /futureloan/member/login HTTP/1.1" 200 None
密码为空用例执行通过
密码为空用例执行通过
密码为空用例执行通过
密码为空用例执行通过
Starting new HTTP connection (1): api.lemonban.com:80
Starting new HTTP connection (1): api.lemonban.com:80
Starting new HTTP connection (1): api.lemonban.com:80
Starting new HTTP connection (1): api.lemonban.com:80
http://api.lemonban.com:80 "POST /futureloan/member/register HTTP/1.1" 200 None
http://api.lemonban.com:80 "POST /futureloan/member/register HTTP/1.1" 200 None
http://api.lemonban.com:80 "POST /futureloan/member/register HTTP/1.1" 200 None
http://api.lemonban.com:80 "POST /futureloan/member/register HTTP/1.1" 200 None
正常注册(类型、注册名为空)用例通过
正常注册(类型、注册名为空)用例通过
正常注册(类型、注册名为空)用例通过
正常注册(类型、注册名为空)用例通过
Starting new HTTP connection (1): api.lemonban.com:80
Starting new HTTP connection (1): api.lemonban.com:80
Starting new HTTP connection (1): api.lemonban.com:80
Starting new HTTP connection (1): api.lemonban.com:80
http://api.lemonban.com:80 "POST /futureloan/member/register HTTP/1.1" 200 None
http://api.lemonban.com:80 "POST /futureloan/member/register HTTP/1.1" 200 None
http://api.lemonban.com:80 "POST /futureloan/member/register HTTP/1.1" 200 None
http://api.lemonban.com:80 "POST /futureloan/member/register HTTP/1.1" 200 None
正常注册(类型为0、注册名为空)用例通过
正常注册(类型为0、注册名为空)用例通过
正常注册(类型为0、注册名为空)用例通过
正常注册(类型为0、注册名为空)用例通过
Starting new HTTP connection (1): api.lemonban.com:80
Starting new HTTP connection (1): api.lemonban.com:80
Starting new HTTP connection (1): api.lemonban.com:80
Starting new HTTP connection (1): api.lemonban.com:80
http://api.lemonban.com:80 "POST /futureloan/member/register HTTP/1.1" 200 None
http://api.lemonban.com:80 "POST /futureloan/member/register HTTP/1.1" 200 None
http://api.lemonban.com:80 "POST /futureloan/member/register HTTP/1.1" 200 None
http://api.lemonban.com:80 "POST /futureloan/member/register HTTP/1.1" 200 None
正常注册(类型为空、注册名正常)用例不通过
正常注册(类型为空、注册名正常)用例不通过
正常注册(类型为空、注册名正常)用例不通过
正常注册(类型为空、注册名正常)用例不通过
Starting new HTTP connection (1): api.lemonban.com:80
Starting new HTTP connection (1): api.lemonban.com:80
Starting new HTTP connection (1): api.lemonban.com:80
Starting new HTTP connection (1): api.lemonban.com:80
http://api.lemonban.com:80 "POST /futureloan/member/register HTTP/1.1" 200 None
http://api.lemonban.com:80 "POST /futureloan/member/register HTTP/1.1" 200 None
http://api.lemonban.com:80 "POST /futureloan/member/register HTTP/1.1" 200 None
http://api.lemonban.com:80 "POST /futureloan/member/register HTTP/1.1" 200 None
注册失败(类型格式异常、注册名为空)用例不通过
注册失败(类型格式异常、注册名为空)用例不通过
注册失败(类型格式异常、注册名为空)用例不通过
注册失败(类型格式异常、注册名为空)用例不通过
Starting new HTTP connection (1): api.lemonban.com:80
Starting new HTTP connection (1): api.lemonban.com:80
Starting new HTTP connection (1): api.lemonban.com:80
Starting new HTTP connection (1): api.lemonban.com:80
http://api.lemonban.com:80 "POST /futureloan/member/register HTTP/1.1" 200 None
http://api.lemonban.com:80 "POST /futureloan/member/register HTTP/1.1" 200 None
http://api.lemonban.com:80 "POST /futureloan/member/register HTTP/1.1" 200 None
http://api.lemonban.com:80 "POST /futureloan/member/register HTTP/1.1" 200 None
注册失败(类型为空、注册名大于10位)用例通过
注册失败(类型为空、注册名大于10位)用例通过
注册失败(类型为空、注册名大于10位)用例通过
注册失败(类型为空、注册名大于10位)用例通过
Starting new HTTP connection (1): api.lemonban.com:80
Starting new HTTP connection (1): api.lemonban.com:80
Starting new HTTP connection (1): api.lemonban.com:80
Starting new HTTP connection (1): api.lemonban.com:80
http://api.lemonban.com:80 "POST /futureloan/member/register HTTP/1.1" 200 None
http://api.lemonban.com:80 "POST /futureloan/member/register HTTP/1.1" 200 None
http://api.lemonban.com:80 "POST /futureloan/member/register HTTP/1.1" 200 None
http://api.lemonban.com:80 "POST /futureloan/member/register HTTP/1.1" 200 None
注册失败(手机号已被注册)用例不通过
注册失败(手机号已被注册)用例不通过
注册失败(手机号已被注册)用例不通过
注册失败(手机号已被注册)用例不通过
Starting new HTTP connection (1): api.lemonban.com:80
Starting new HTTP connection (1): api.lemonban.com:80
Starting new HTTP connection (1): api.lemonban.com:80
Starting new HTTP connection (1): api.lemonban.com:80
http://api.lemonban.com:80 "POST /futureloan/member/register HTTP/1.1" 200 None
http://api.lemonban.com:80 "POST /futureloan/member/register HTTP/1.1" 200 None
http://api.lemonban.com:80 "POST /futureloan/member/register HTTP/1.1" 200 None
http://api.lemonban.com:80 "POST /futureloan/member/register HTTP/1.1" 200 None
注册失败(手机号过长)用例通过
注册失败(手机号过长)用例通过
注册失败(手机号过长)用例通过
注册失败(手机号过长)用例通过
Starting new HTTP connection (1): api.lemonban.com:80
Starting new HTTP connection (1): api.lemonban.com:80
Starting new HTTP connection (1): api.lemonban.com:80
Starting new HTTP connection (1): api.lemonban.com:80
http://api.lemonban.com:80 "POST /futureloan/member/register HTTP/1.1" 200 None
http://api.lemonban.com:80 "POST /futureloan/member/register HTTP/1.1" 200 None
http://api.lemonban.com:80 "POST /futureloan/member/register HTTP/1.1" 200 None
http://api.lemonban.com:80 "POST /futureloan/member/register HTTP/1.1" 200 None
注册失败(手机号过短)用例通过
注册失败(手机号过短)用例通过
注册失败(手机号过短)用例通过
注册失败(手机号过短)用例通过
Starting new HTTP connection (1): api.lemonban.com:80
Starting new HTTP connection (1): api.lemonban.com:80
Starting new HTTP connection (1): api.lemonban.com:80
Starting new HTTP connection (1): api.lemonban.com:80
http://api.lemonban.com:80 "POST /futureloan/member/register HTTP/1.1" 200 None
http://api.lemonban.com:80 "POST /futureloan/member/register HTTP/1.1" 200 None
http://api.lemonban.com:80 "POST /futureloan/member/register HTTP/1.1" 200 None
http://api.lemonban.com:80 "POST /futureloan/member/register HTTP/1.1" 200 None
注册失败(手机号包含特殊字符)用例通过
注册失败(手机号包含特殊字符)用例通过
注册失败(手机号包含特殊字符)用例通过
注册失败(手机号包含特殊字符)用例通过
Starting new HTTP connection (1): api.lemonban.com:80
Starting new HTTP connection (1): api.lemonban.com:80
Starting new HTTP connection (1): api.lemonban.com:80
Starting new HTTP connection (1): api.lemonban.com:80
http://api.lemonban.com:80 "POST /futureloan/member/register HTTP/1.1" 200 None
http://api.lemonban.com:80 "POST /futureloan/member/register HTTP/1.1" 200 None
http://api.lemonban.com:80 "POST /futureloan/member/register HTTP/1.1" 200 None
http://api.lemonban.com:80 "POST /futureloan/member/register HTTP/1.1" 200 None
注册失败(手机号为空)用例通过
注册失败(手机号为空)用例通过
注册失败(手机号为空)用例通过
注册失败(手机号为空)用例通过
Starting new HTTP connection (1): api.lemonban.com:80
Starting new HTTP connection (1): api.lemonban.com:80
Starting new HTTP connection (1): api.lemonban.com:80
Starting new HTTP connection (1): api.lemonban.com:80
http://api.lemonban.com:80 "POST /futureloan/member/register HTTP/1.1" 200 None
http://api.lemonban.com:80 "POST /futureloan/member/register HTTP/1.1" 200 None
http://api.lemonban.com:80 "POST /futureloan/member/register HTTP/1.1" 200 None
http://api.lemonban.com:80 "POST /futureloan/member/register HTTP/1.1" 200 None
注册失败(密码为空)用例通过
注册失败(密码为空)用例通过
注册失败(密码为空)用例通过
注册失败(密码为空)用例通过
Starting new HTTP connection (1): api.lemonban.com:80
Starting new HTTP connection (1): api.lemonban.com:80
Starting new HTTP connection (1): api.lemonban.com:80
Starting new HTTP connection (1): api.lemonban.com:80
http://api.lemonban.com:80 "POST /futureloan/member/register HTTP/1.1" 200 None
http://api.lemonban.com:80 "POST /futureloan/member/register HTTP/1.1" 200 None
http://api.lemonban.com:80 "POST /futureloan/member/register HTTP/1.1" 200 None
http://api.lemonban.com:80 "POST /futureloan/member/register HTTP/1.1" 200 None
注册失败(类型超出范围)用例通过
注册失败(类型超出范围)用例通过
注册失败(类型超出范围)用例通过
注册失败(类型超出范围)用例通过
Starting new HTTP connection (1): api.lemonban.com:80
Starting new HTTP connection (1): api.lemonban.com:80
Starting new HTTP connection (1): api.lemonban.com:80
Starting new HTTP connection (1): api.lemonban.com:80
http://api.lemonban.com:80 "POST /futureloan/member/register HTTP/1.1" 200 None
http://api.lemonban.com:80 "POST /futureloan/member/register HTTP/1.1" 200 None
http://api.lemonban.com:80 "POST /futureloan/member/register HTTP/1.1" 200 None
http://api.lemonban.com:80 "POST /futureloan/member/register HTTP/1.1" 200 None
注册失败(密码过长)用例通过
注册失败(密码过长)用例通过
注册失败(密码过长)用例通过
注册失败(密码过长)用例通过
Starting new HTTP connection (1): api.lemonban.com:80
Starting new HTTP connection (1): api.lemonban.com:80
Starting new HTTP connection (1): api.lemonban.com:80
Starting new HTTP connection (1): api.lemonban.com:80
http://api.lemonban.com:80 "POST /futureloan/member/register HTTP/1.1" 200 None
http://api.lemonban.com:80 "POST /futureloan/member/register HTTP/1.1" 200 None
http://api.lemonban.com:80 "POST /futureloan/member/register HTTP/1.1" 200 None
http://api.lemonban.com:80 "POST /futureloan/member/register HTTP/1.1" 200 None
注册失败(密码过短)用例通过
注册失败(密码过短)用例通过
注册失败(密码过短)用例通过
注册失败(密码过短)用例通过
Starting new HTTP connection (1): api.lemonban.com:80
Starting new HTTP connection (1): api.lemonban.com:80
Starting new HTTP connection (1): api.lemonban.com:80
Starting new HTTP connection (1): api.lemonban.com:80
http://api.lemonban.com:80 "POST /futureloan/member/login HTTP/1.1" 200 None
http://api.lemonban.com:80 "POST /futureloan/member/login HTTP/1.1" 200 None
http://api.lemonban.com:80 "POST /futureloan/member/login HTTP/1.1" 200 None
http://api.lemonban.com:80 "POST /futureloan/member/login HTTP/1.1" 200 None
Starting new HTTP connection (1): api.lemonban.com:80
Starting new HTTP connection (1): api.lemonban.com:80
Starting new HTTP connection (1): api.lemonban.com:80
Starting new HTTP connection (1): api.lemonban.com:80
http://api.lemonban.com:80 "POST /futureloan/member/recharge HTTP/1.1" 200 None
http://api.lemonban.com:80 "POST /futureloan/member/recharge HTTP/1.1" 200 None
http://api.lemonban.com:80 "POST /futureloan/member/recharge HTTP/1.1" 200 None
http://api.lemonban.com:80 "POST /futureloan/member/recharge HTTP/1.1" 200 None
充值成功用例执行通过
充值成功用例执行通过
充值成功用例执行通过
充值成功用例执行通过
Starting new HTTP connection (1): api.lemonban.com:80
Starting new HTTP connection (1): api.lemonban.com:80
Starting new HTTP connection (1): api.lemonban.com:80
Starting new HTTP connection (1): api.lemonban.com:80
http://api.lemonban.com:80 "POST /futureloan/member/recharge HTTP/1.1" 200 None
http://api.lemonban.com:80 "POST /futureloan/member/recharge HTTP/1.1" 200 None
http://api.lemonban.com:80 "POST /futureloan/member/recharge HTTP/1.1" 200 None
http://api.lemonban.com:80 "POST /futureloan/member/recharge HTTP/1.1" 200 None
充值0.01成功用例执行通过
充值0.01成功用例执行通过
充值0.01成功用例执行通过
充值0.01成功用例执行通过
Starting new HTTP connection (1): api.lemonban.com:80
Starting new HTTP connection (1): api.lemonban.com:80
Starting new HTTP connection (1): api.lemonban.com:80
Starting new HTTP connection (1): api.lemonban.com:80
http://api.lemonban.com:80 "POST /futureloan/member/recharge HTTP/1.1" 200 None
http://api.lemonban.com:80 "POST /futureloan/member/recharge HTTP/1.1" 200 None
http://api.lemonban.com:80 "POST /futureloan/member/recharge HTTP/1.1" 200 None
http://api.lemonban.com:80 "POST /futureloan/member/recharge HTTP/1.1" 200 None
充值500000成功用例执行通过
充值500000成功用例执行通过
充值500000成功用例执行通过
充值500000成功用例执行通过
Starting new HTTP connection (1): api.lemonban.com:80
Starting new HTTP connection (1): api.lemonban.com:80
Starting new HTTP connection (1): api.lemonban.com:80
Starting new HTTP connection (1): api.lemonban.com:80
http://api.lemonban.com:80 "POST /futureloan/member/recharge HTTP/1.1" 200 None
http://api.lemonban.com:80 "POST /futureloan/member/recharge HTTP/1.1" 200 None
http://api.lemonban.com:80 "POST /futureloan/member/recharge HTTP/1.1" 200 None
http://api.lemonban.com:80 "POST /futureloan/member/recharge HTTP/1.1" 200 None
充值0失败用例执行失败
充值0失败用例执行失败
充值0失败用例执行失败
充值0失败用例执行失败
Starting new HTTP connection (1): api.lemonban.com:80
Starting new HTTP connection (1): api.lemonban.com:80
Starting new HTTP connection (1): api.lemonban.com:80
Starting new HTTP connection (1): api.lemonban.com:80
http://api.lemonban.com:80 "POST /futureloan/member/recharge HTTP/1.1" 200 None
http://api.lemonban.com:80 "POST /futureloan/member/recharge HTTP/1.1" 200 None
http://api.lemonban.com:80 "POST /futureloan/member/recharge HTTP/1.1" 200 None
http://api.lemonban.com:80 "POST /futureloan/member/recharge HTTP/1.1" 200 None
用户id为空用例执行失败
用户id为空用例执行失败
用户id为空用例执行失败
用户id为空用例执行失败
Starting new HTTP connection (1): api.lemonban.com:80
Starting new HTTP connection (1): api.lemonban.com:80
Starting new HTTP connection (1): api.lemonban.com:80
Starting new HTTP connection (1): api.lemonban.com:80
http://api.lemonban.com:80 "POST /futureloan/member/recharge HTTP/1.1" 200 None
http://api.lemonban.com:80 "POST /futureloan/member/recharge HTTP/1.1" 200 None
http://api.lemonban.com:80 "POST /futureloan/member/recharge HTTP/1.1" 200 None
http://api.lemonban.com:80 "POST /futureloan/member/recharge HTTP/1.1" 200 None
充值金额为空用例执行失败
充值金额为空用例执行失败
充值金额为空用例执行失败
充值金额为空用例执行失败
Starting new HTTP connection (1): api.lemonban.com:80
Starting new HTTP connection (1): api.lemonban.com:80
Starting new HTTP connection (1): api.lemonban.com:80
Starting new HTTP connection (1): api.lemonban.com:80
http://api.lemonban.com:80 "POST /futureloan/member/recharge HTTP/1.1" 200 None
http://api.lemonban.com:80 "POST /futureloan/member/recharge HTTP/1.1" 200 None
http://api.lemonban.com:80 "POST /futureloan/member/recharge HTTP/1.1" 200 None
http://api.lemonban.com:80 "POST /futureloan/member/recharge HTTP/1.1" 200 None
用户id不存在用例执行通过
用户id不存在用例执行通过
用户id不存在用例执行通过
用户id不存在用例执行通过
Starting new HTTP connection (1): api.lemonban.com:80
Starting new HTTP connection (1): api.lemonban.com:80
Starting new HTTP connection (1): api.lemonban.com:80
Starting new HTTP connection (1): api.lemonban.com:80
http://api.lemonban.com:80 "POST /futureloan/member/recharge HTTP/1.1" 200 None
http://api.lemonban.com:80 "POST /futureloan/member/recharge HTTP/1.1" 200 None
http://api.lemonban.com:80 "POST /futureloan/member/recharge HTTP/1.1" 200 None
http://api.lemonban.com:80 "POST /futureloan/member/recharge HTTP/1.1" 200 None
充值金额为负值用例执行失败
充值金额为负值用例执行失败
充值金额为负值用例执行失败
充值金额为负值用例执行失败
Starting new HTTP connection (1): api.lemonban.com:80
Starting new HTTP connection (1): api.lemonban.com:80
Starting new HTTP connection (1): api.lemonban.com:80
Starting new HTTP connection (1): api.lemonban.com:80
http://api.lemonban.com:80 "POST /futureloan/member/recharge HTTP/1.1" 200 None
http://api.lemonban.com:80 "POST /futureloan/member/recharge HTTP/1.1" 200 None
http://api.lemonban.com:80 "POST /futureloan/member/recharge HTTP/1.1" 200 None
http://api.lemonban.com:80 "POST /futureloan/member/recharge HTTP/1.1" 200 None
充值金额超出范围用例执行失败
充值金额超出范围用例执行失败
充值金额超出范围用例执行失败
充值金额超出范围用例执行失败
Starting new HTTP connection (1): api.lemonban.com:80
Starting new HTTP connection (1): api.lemonban.com:80
Starting new HTTP connection (1): api.lemonban.com:80
Starting new HTTP connection (1): api.lemonban.com:80
http://api.lemonban.com:80 "POST /futureloan/member/recharge HTTP/1.1" 200 None
http://api.lemonban.com:80 "POST /futureloan/member/recharge HTTP/1.1" 200 None
http://api.lemonban.com:80 "POST /futureloan/member/recharge HTTP/1.1" 200 None
http://api.lemonban.com:80 "POST /futureloan/member/recharge HTTP/1.1" 200 None
充值金额3位小数用例执行失败
充值金额3位小数用例执行失败
充值金额3位小数用例执行失败
充值金额3位小数用例执行失败
Starting new HTTP connection (1): api.lemonban.com:80
Starting new HTTP connection (1): api.lemonban.com:80
Starting new HTTP connection (1): api.lemonban.com:80
Starting new HTTP connection (1): api.lemonban.com:80
http://api.lemonban.com:80 "POST /futureloan/member/recharge HTTP/1.1" 200 None
http://api.lemonban.com:80 "POST /futureloan/member/recharge HTTP/1.1" 200 None
http://api.lemonban.com:80 "POST /futureloan/member/recharge HTTP/1.1" 200 None
http://api.lemonban.com:80 "POST /futureloan/member/recharge HTTP/1.1" 200 None
充值金额为字符串格式用例执行失败
充值金额为字符串格式用例执行失败
充值金额为字符串格式用例执行失败
充值金额为字符串格式用例执行失败
Starting new HTTP connection (1): api.lemonban.com:80
Starting new HTTP connection (1): api.lemonban.com:80
Starting new HTTP connection (1): api.lemonban.com:80
Starting new HTTP connection (1): api.lemonban.com:80
http://api.lemonban.com:80 "POST /futureloan/member/recharge HTTP/1.1" 200 None
http://api.lemonban.com:80 "POST /futureloan/member/recharge HTTP/1.1" 200 None
http://api.lemonban.com:80 "POST /futureloan/member/recharge HTTP/1.1" 200 None
http://api.lemonban.com:80 "POST /futureloan/member/recharge HTTP/1.1" 200 None
用户名字字符串格式用例执行失败
用户名字字符串格式用例执行失败
用户名字字符串格式用例执行失败
用户名字字符串格式用例执行失败
Starting new HTTP connection (1): api.lemonban.com:80
Starting new HTTP connection (1): api.lemonban.com:80
Starting new HTTP connection (1): api.lemonban.com:80
Starting new HTTP connection (1): api.lemonban.com:80
http://api.lemonban.com:80 "POST /futureloan/member/login HTTP/1.1" 200 None
http://api.lemonban.com:80 "POST /futureloan/member/login HTTP/1.1" 200 None
http://api.lemonban.com:80 "POST /futureloan/member/login HTTP/1.1" 200 None
http://api.lemonban.com:80 "POST /futureloan/member/login HTTP/1.1" 200 None
Starting new HTTP connection (1): api.lemonban.com:80
Starting new HTTP connection (1): api.lemonban.com:80
Starting new HTTP connection (1): api.lemonban.com:80
Starting new HTTP connection (1): api.lemonban.com:80
http://api.lemonban.com:80 "POST /futureloan/member/withdraw HTTP/1.1" 200 None
http://api.lemonban.com:80 "POST /futureloan/member/withdraw HTTP/1.1" 200 None
http://api.lemonban.com:80 "POST /futureloan/member/withdraw HTTP/1.1" 200 None
http://api.lemonban.com:80 "POST /futureloan/member/withdraw HTTP/1.1" 200 None
提现成功用例执行通过
提现成功用例执行通过
提现成功用例执行通过
提现成功用例执行通过
Starting new HTTP connection (1): api.lemonban.com:80
Starting new HTTP connection (1): api.lemonban.com:80
Starting new HTTP connection (1): api.lemonban.com:80
Starting new HTTP connection (1): api.lemonban.com:80
http://api.lemonban.com:80 "POST /futureloan/member/withdraw HTTP/1.1" 200 None
http://api.lemonban.com:80 "POST /futureloan/member/withdraw HTTP/1.1" 200 None
http://api.lemonban.com:80 "POST /futureloan/member/withdraw HTTP/1.1" 200 None
http://api.lemonban.com:80 "POST /futureloan/member/withdraw HTTP/1.1" 200 None
提现0.01成功用例执行通过
提现0.01成功用例执行通过
提现0.01成功用例执行通过
提现0.01成功用例执行通过
Starting new HTTP connection (1): api.lemonban.com:80
Starting new HTTP connection (1): api.lemonban.com:80
Starting new HTTP connection (1): api.lemonban.com:80
Starting new HTTP connection (1): api.lemonban.com:80
http://api.lemonban.com:80 "POST /futureloan/member/withdraw HTTP/1.1" 200 None
http://api.lemonban.com:80 "POST /futureloan/member/withdraw HTTP/1.1" 200 None
http://api.lemonban.com:80 "POST /futureloan/member/withdraw HTTP/1.1" 200 None
http://api.lemonban.com:80 "POST /futureloan/member/withdraw HTTP/1.1" 200 None
提现500000成功用例执行通过
提现500000成功用例执行通过
提现500000成功用例执行通过
提现500000成功用例执行通过
Starting new HTTP connection (1): api.lemonban.com:80
Starting new HTTP connection (1): api.lemonban.com:80
Starting new HTTP connection (1): api.lemonban.com:80
Starting new HTTP connection (1): api.lemonban.com:80
http://api.lemonban.com:80 "POST /futureloan/member/withdraw HTTP/1.1" 200 None
http://api.lemonban.com:80 "POST /futureloan/member/withdraw HTTP/1.1" 200 None
http://api.lemonban.com:80 "POST /futureloan/member/withdraw HTTP/1.1" 200 None
http://api.lemonban.com:80 "POST /futureloan/member/withdraw HTTP/1.1" 200 None
提现0失败用例执行失败
提现0失败用例执行失败
提现0失败用例执行失败
提现0失败用例执行失败
Starting new HTTP connection (1): api.lemonban.com:80
Starting new HTTP connection (1): api.lemonban.com:80
Starting new HTTP connection (1): api.lemonban.com:80
Starting new HTTP connection (1): api.lemonban.com:80
http://api.lemonban.com:80 "POST /futureloan/member/withdraw HTTP/1.1" 200 None
http://api.lemonban.com:80 "POST /futureloan/member/withdraw HTTP/1.1" 200 None
http://api.lemonban.com:80 "POST /futureloan/member/withdraw HTTP/1.1" 200 None
http://api.lemonban.com:80 "POST /futureloan/member/withdraw HTTP/1.1" 200 None
用户id为空用例执行失败
用户id为空用例执行失败
用户id为空用例执行失败
用户id为空用例执行失败
Starting new HTTP connection (1): api.lemonban.com:80
Starting new HTTP connection (1): api.lemonban.com:80
Starting new HTTP connection (1): api.lemonban.com:80
Starting new HTTP connection (1): api.lemonban.com:80
http://api.lemonban.com:80 "POST /futureloan/member/withdraw HTTP/1.1" 200 None
http://api.lemonban.com:80 "POST /futureloan/member/withdraw HTTP/1.1" 200 None
http://api.lemonban.com:80 "POST /futureloan/member/withdraw HTTP/1.1" 200 None
http://api.lemonban.com:80 "POST /futureloan/member/withdraw HTTP/1.1" 200 None
提现金额为空用例执行失败
提现金额为空用例执行失败
提现金额为空用例执行失败
提现金额为空用例执行失败
Starting new HTTP connection (1): api.lemonban.com:80
Starting new HTTP connection (1): api.lemonban.com:80
Starting new HTTP connection (1): api.lemonban.com:80
Starting new HTTP connection (1): api.lemonban.com:80
http://api.lemonban.com:80 "POST /futureloan/member/withdraw HTTP/1.1" 200 None
http://api.lemonban.com:80 "POST /futureloan/member/withdraw HTTP/1.1" 200 None
http://api.lemonban.com:80 "POST /futureloan/member/withdraw HTTP/1.1" 200 None
http://api.lemonban.com:80 "POST /futureloan/member/withdraw HTTP/1.1" 200 None
用户id不存在用例执行失败
用户id不存在用例执行失败
用户id不存在用例执行失败
用户id不存在用例执行失败
Starting new HTTP connection (1): api.lemonban.com:80
Starting new HTTP connection (1): api.lemonban.com:80
Starting new HTTP connection (1): api.lemonban.com:80
Starting new HTTP connection (1): api.lemonban.com:80
http://api.lemonban.com:80 "POST /futureloan/member/withdraw HTTP/1.1" 200 None
http://api.lemonban.com:80 "POST /futureloan/member/withdraw HTTP/1.1" 200 None
http://api.lemonban.com:80 "POST /futureloan/member/withdraw HTTP/1.1" 200 None
http://api.lemonban.com:80 "POST /futureloan/member/withdraw HTTP/1.1" 200 None
提现金额为负值用例执行失败
提现金额为负值用例执行失败
提现金额为负值用例执行失败
提现金额为负值用例执行失败
Starting new HTTP connection (1): api.lemonban.com:80
Starting new HTTP connection (1): api.lemonban.com:80
Starting new HTTP connection (1): api.lemonban.com:80
Starting new HTTP connection (1): api.lemonban.com:80
http://api.lemonban.com:80 "POST /futureloan/member/withdraw HTTP/1.1" 200 None
http://api.lemonban.com:80 "POST /futureloan/member/withdraw HTTP/1.1" 200 None
http://api.lemonban.com:80 "POST /futureloan/member/withdraw HTTP/1.1" 200 None
http://api.lemonban.com:80 "POST /futureloan/member/withdraw HTTP/1.1" 200 None
提现金额超出范围用例执行失败
提现金额超出范围用例执行失败
提现金额超出范围用例执行失败
提现金额超出范围用例执行失败
Starting new HTTP connection (1): api.lemonban.com:80
Starting new HTTP connection (1): api.lemonban.com:80
Starting new HTTP connection (1): api.lemonban.com:80
Starting new HTTP connection (1): api.lemonban.com:80
http://api.lemonban.com:80 "POST /futureloan/member/withdraw HTTP/1.1" 200 None
http://api.lemonban.com:80 "POST /futureloan/member/withdraw HTTP/1.1" 200 None
http://api.lemonban.com:80 "POST /futureloan/member/withdraw HTTP/1.1" 200 None
http://api.lemonban.com:80 "POST /futureloan/member/withdraw HTTP/1.1" 200 None
提现金额3位小数用例执行失败
提现金额3位小数用例执行失败
提现金额3位小数用例执行失败
提现金额3位小数用例执行失败
Starting new HTTP connection (1): api.lemonban.com:80
Starting new HTTP connection (1): api.lemonban.com:80
Starting new HTTP connection (1): api.lemonban.com:80
Starting new HTTP connection (1): api.lemonban.com:80
http://api.lemonban.com:80 "POST /futureloan/member/withdraw HTTP/1.1" 200 None
http://api.lemonban.com:80 "POST /futureloan/member/withdraw HTTP/1.1" 200 None
http://api.lemonban.com:80 "POST /futureloan/member/withdraw HTTP/1.1" 200 None
http://api.lemonban.com:80 "POST /futureloan/member/withdraw HTTP/1.1" 200 None
提现金额为字符串格式用例执行失败
提现金额为字符串格式用例执行失败
提现金额为字符串格式用例执行失败
提现金额为字符串格式用例执行失败
Starting new HTTP connection (1): api.lemonban.com:80
Starting new HTTP connection (1): api.lemonban.com:80
Starting new HTTP connection (1): api.lemonban.com:80
Starting new HTTP connection (1): api.lemonban.com:80
http://api.lemonban.com:80 "POST /futureloan/member/withdraw HTTP/1.1" 200 None
http://api.lemonban.com:80 "POST /futureloan/member/withdraw HTTP/1.1" 200 None
http://api.lemonban.com:80 "POST /futureloan/member/withdraw HTTP/1.1" 200 None
http://api.lemonban.com:80 "POST /futureloan/member/withdraw HTTP/1.1" 200 None
用户名字字符串格式用例执行失败
用户名字字符串格式用例执行失败
用户名字字符串格式用例执行失败
用户名字字符串格式用例执行失败
